Not searching for unused variables given on the command line.
[36m--[0m The C compiler identification is Clang 13.0.1
[36m--[0m The CXX compiler identification is Clang 13.0.1
[36m--[0m Detecting C compiler ABI info
[36m--[0m Detecting C compiler ABI info - done
[36m--[0m Check for working C compiler: /Users/yeontaemin/opt/miniconda3/envs/robostackenv/bin/x86_64-apple-darwin13.4.0-clang - skipped
[36m--[0m Detecting C compile features
[36m--[0m Detecting C compile features - done
[36m--[0m Detecting CXX compiler ABI info
[36m--[0m Detecting CXX compiler ABI info - done
[36m--[0m Check for working CXX compiler: /Users/yeontaemin/opt/miniconda3/envs/robostackenv/bin/x86_64-apple-darwin13.4.0-clang++ - skipped
[36m--[0m Detecting CXX compile features
[36m--[0m Detecting CXX compile features - done
[36m--[0m Using CATKIN_DEVEL_PREFIX: /Users/yeontaemin/github/algorithm_ws/devel/.private/Opencv
[36m--[0m Using CMAKE_PREFIX_PATH: /Users/yeontaemin/github/algorithm_ws/devel;/Users/yeontaemin/opt/miniconda3/envs/robostackenv;/usr/local/opt/qt
[36m--[0m This workspace overlays: /Users/yeontaemin/github/algorithm_ws/devel;/Users/yeontaemin/opt/miniconda3/envs/robostackenv
[36m--[0m Found PythonInterp: /Users/yeontaemin/opt/miniconda3/envs/robostackenv/bin/python3.9 (found suitable version "3.9.13", minimum required is "3.9")
[36m--[0m Using PYTHON_EXECUTABLE: /Users/yeontaemin/opt/miniconda3/envs/robostackenv/bin/python3.9
[36m--[0m Using default Python package layout
[36m--[0m Found PY_em: /Users/yeontaemin/opt/miniconda3/envs/robostackenv/lib/python3.9/site-packages/em.py
[36m--[0m Using empy: /Users/yeontaemin/opt/miniconda3/envs/robostackenv/lib/python3.9/site-packages/em.py
[36m--[0m Using CATKIN_ENABLE_TESTING: ON
[36m--[0m Call enable_testing()
[36m--[0m Using CATKIN_TEST_RESULTS_DIR: /Users/yeontaemin/github/algorithm_ws/build/Opencv/test_results
[36m--[0m Found gtest: gtests will be built
[36m--[0m Using Python nosetests: /Users/yeontaemin/opt/miniconda3/envs/robostackenv/bin/nosetests-3.9
[36m--[0m catkin 0.8.10
[36m--[0m BUILD_SHARED_LIBS is on
[36m--[0m Found OpenCV: /Users/yeontaemin/opt/miniconda3/envs/robostackenv (found version "4.5.5")
[33mWARNING: Package name "Opencv" does not follow the naming conventions. It should start with a lower case letter and only contain lower case letters, digits, underscores, and dashes.[0m
[0mWARNING: 'catkin' should be listed as a buildtool dependency in the package.xml (instead of build dependency)[0m
[36m--[0m Configuring done
[36m--[0m Generating done
[36m--[0m Build files have been written to: /Users/yeontaemin/github/algorithm_ws/build/Opencv
