[0.033s] Invoking command in '/home/tm/experiement/algorithm_ws/ROS2_build/build/dummy_publisher_component': CMAKE_PREFIX_PATH=${CMAKE_PREFIX_PATH}:/opt/ros/humble /usr/bin/cmake /home/tm/experiement/algorithm_ws/ROS2_build/src/topic/dummy_publisher_component -DCMAKE_INSTALL_PREFIX=/home/tm/experiement/algorithm_ws/ROS2_build/install/dummy_publisher_component
[0.200s] -- The C compiler identification is GNU 11.4.0
[0.328s] -- The CXX compiler identification is GNU 11.4.0
[0.347s] -- Detecting C compiler ABI info
[0.524s] -- Detecting C compiler ABI info - done
[0.545s] -- Check for working C compiler: /usr/bin/cc - skipped
[0.552s] -- Detecting C compile features
[0.552s] -- Detecting C compile features - done
[0.557s] -- Detecting CXX compiler ABI info
[0.818s] -- Detecting CXX compiler ABI info - done
[0.837s] -- Check for working CXX compiler: /usr/bin/c++ - skipped
[0.838s] -- Detecting CXX compile features
[0.838s] -- Detecting CXX compile features - done
[0.844s] -- Found ament_cmake: 1.3.11 (/opt/ros/humble/share/ament_cmake/cmake)
[1.131s] -- Found Python3: /usr/bin/python3 (found version "3.10.12") found components: Interpreter 
[1.272s] -- Found rclcpp: 16.0.12 (/opt/ros/humble/share/rclcpp/cmake)
[1.337s] -- Found rosidl_generator_c: 3.1.6 (/opt/ros/humble/share/rosidl_generator_c/cmake)
[1.346s] -- Found rosidl_adapter: 3.1.6 (/opt/ros/humble/share/rosidl_adapter/cmake)
[1.360s] -- Found rosidl_generator_cpp: 3.1.6 (/opt/ros/humble/share/rosidl_generator_cpp/cmake)
[1.382s] -- Using all available rosidl_typesupport_c: rosidl_typesupport_fastrtps_c;rosidl_typesupport_introspection_c
[1.408s] -- Using all available rosidl_typesupport_cpp: rosidl_typesupport_fastrtps_cpp;rosidl_typesupport_introspection_cpp
[1.481s] -- Found rmw_implementation_cmake: 6.1.2 (/opt/ros/humble/share/rmw_implementation_cmake/cmake)
[1.483s] -- Found rmw_fastrtps_cpp: 6.2.7 (/opt/ros/humble/share/rmw_fastrtps_cpp/cmake)
[1.741s] -- Found OpenSSL: /usr/lib/x86_64-linux-gnu/libcrypto.so (found version "3.0.2")  
[1.806s] -- Found FastRTPS: /opt/ros/humble/include  
[1.903s] -- Using RMW implementation 'rmw_fastrtps_cpp' as default
[1.915s] -- Looking for pthread.h
[2.171s] -- Looking for pthread.h - found
[2.172s] -- Performing Test CMAKE_HAVE_LIBC_PTHREAD
[2.414s] -- Performing Test CMAKE_HAVE_LIBC_PTHREAD - Success
[2.416s] -- Found Threads: TRUE  
[2.534s] -- Found rclcpp_components: 16.0.12 (/opt/ros/humble/share/rclcpp_components/cmake)
[2.719s] -- Configuring done
[2.751s] -- Generating done
[2.768s] -- Build files have been written to: /home/tm/experiement/algorithm_ws/ROS2_build/build/dummy_publisher_component
[2.793s] Invoked command in '/home/tm/experiement/algorithm_ws/ROS2_build/build/dummy_publisher_component' returned '0': CMAKE_PREFIX_PATH=${CMAKE_PREFIX_PATH}:/opt/ros/humble /usr/bin/cmake /home/tm/experiement/algorithm_ws/ROS2_build/src/topic/dummy_publisher_component -DCMAKE_INSTALL_PREFIX=/home/tm/experiement/algorithm_ws/ROS2_build/install/dummy_publisher_component
[2.798s] Invoking command in '/home/tm/experiement/algorithm_ws/ROS2_build/build/dummy_publisher_component': CMAKE_PREFIX_PATH=${CMAKE_PREFIX_PATH}:/opt/ros/humble /usr/bin/cmake --build /home/tm/experiement/algorithm_ws/ROS2_build/build/dummy_publisher_component -- -j4 -l4
[2.979s] [ 50%] [32mBuilding CXX object CMakeFiles/dummy_publisher.dir/src/dummy_publisher_component.cpp.o[0m
[10.771s] [100%] [32m[1mLinking CXX shared library libdummy_publisher.so[0m
[11.078s] [100%] Built target dummy_publisher
[11.099s] Invoked command in '/home/tm/experiement/algorithm_ws/ROS2_build/build/dummy_publisher_component' returned '0': CMAKE_PREFIX_PATH=${CMAKE_PREFIX_PATH}:/opt/ros/humble /usr/bin/cmake --build /home/tm/experiement/algorithm_ws/ROS2_build/build/dummy_publisher_component -- -j4 -l4
[11.118s] Invoking command in '/home/tm/experiement/algorithm_ws/ROS2_build/build/dummy_publisher_component': CMAKE_PREFIX_PATH=${CMAKE_PREFIX_PATH}:/opt/ros/humble /usr/bin/cmake --install /home/tm/experiement/algorithm_ws/ROS2_build/build/dummy_publisher_component
[11.136s] -- Install configuration: ""
[11.136s] -- Installing: /home/tm/experiement/algorithm_ws/ROS2_build/install/dummy_publisher_component/lib/libdummy_publisher.so
[11.136s] -- Set runtime path of "/home/tm/experiement/algorithm_ws/ROS2_build/install/dummy_publisher_component/lib/libdummy_publisher.so" to ""
[11.137s] -- Installing: /home/tm/experiement/algorithm_ws/ROS2_build/install/dummy_publisher_component/include
[11.137s] -- Installing: /home/tm/experiement/algorithm_ws/ROS2_build/install/dummy_publisher_component/include/dummy_publisher
[11.138s] -- Installing: /home/tm/experiement/algorithm_ws/ROS2_build/install/dummy_publisher_component/include/dummy_publisher/dummy_publisher_component.hpp
[11.141s] -- Installing: /home/tm/experiement/algorithm_ws/ROS2_build/install/dummy_publisher_component/share/dummy_publisher_component
[11.141s] -- Installing: /home/tm/experiement/algorithm_ws/ROS2_build/install/dummy_publisher_component/share/dummy_publisher_component/dummy_publisher.launch.py
[11.141s] -- Installing: /home/tm/experiement/algorithm_ws/ROS2_build/install/dummy_publisher_component/share/ament_index/resource_index/package_run_dependencies/dummy_publisher_component
[11.141s] -- Installing: /home/tm/experiement/algorithm_ws/ROS2_build/install/dummy_publisher_component/share/ament_index/resource_index/parent_prefix_path/dummy_publisher_component
[11.141s] -- Installing: /home/tm/experiement/algorithm_ws/ROS2_build/install/dummy_publisher_component/share/dummy_publisher_component/environment/ament_prefix_path.sh
[11.141s] -- Installing: /home/tm/experiement/algorithm_ws/ROS2_build/install/dummy_publisher_component/share/dummy_publisher_component/environment/ament_prefix_path.dsv
[11.141s] -- Installing: /home/tm/experiement/algorithm_ws/ROS2_build/install/dummy_publisher_component/share/dummy_publisher_component/environment/path.sh
[11.141s] -- Installing: /home/tm/experiement/algorithm_ws/ROS2_build/install/dummy_publisher_component/share/dummy_publisher_component/environment/path.dsv
[11.141s] -- Installing: /home/tm/experiement/algorithm_ws/ROS2_build/install/dummy_publisher_component/share/dummy_publisher_component/local_setup.bash
[11.141s] -- Installing: /home/tm/experiement/algorithm_ws/ROS2_build/install/dummy_publisher_component/share/dummy_publisher_component/local_setup.sh
[11.142s] -- Installing: /home/tm/experiement/algorithm_ws/ROS2_build/install/dummy_publisher_component/share/dummy_publisher_component/local_setup.zsh
[11.146s] -- Installing: /home/tm/experiement/algorithm_ws/ROS2_build/install/dummy_publisher_component/share/dummy_publisher_component/local_setup.dsv
[11.146s] -- Installing: /home/tm/experiement/algorithm_ws/ROS2_build/install/dummy_publisher_component/share/dummy_publisher_component/package.dsv
[11.146s] -- Installing: /home/tm/experiement/algorithm_ws/ROS2_build/install/dummy_publisher_component/share/ament_index/resource_index/packages/dummy_publisher_component
[11.146s] -- Installing: /home/tm/experiement/algorithm_ws/ROS2_build/install/dummy_publisher_component/share/ament_index/resource_index/rclcpp_components/dummy_publisher_component
[11.146s] -- Installing: /home/tm/experiement/algorithm_ws/ROS2_build/install/dummy_publisher_component/share/dummy_publisher_component/cmake/dummy_publisher_componentConfig.cmake
[11.146s] -- Installing: /home/tm/experiement/algorithm_ws/ROS2_build/install/dummy_publisher_component/share/dummy_publisher_component/cmake/dummy_publisher_componentConfig-version.cmake
[11.146s] -- Installing: /home/tm/experiement/algorithm_ws/ROS2_build/install/dummy_publisher_component/share/dummy_publisher_component/package.xml
[11.148s] Invoked command in '/home/tm/experiement/algorithm_ws/ROS2_build/build/dummy_publisher_component' returned '0': CMAKE_PREFIX_PATH=${CMAKE_PREFIX_PATH}:/opt/ros/humble /usr/bin/cmake --install /home/tm/experiement/algorithm_ws/ROS2_build/build/dummy_publisher_component
