[0.102s] DEBUG:colcon:Command line arguments: ['/usr/bin/colcon', 'build', '--symlink-install']
[0.102s] DEBUG:colcon:Parsed command line arguments: Namespace(log_base=None, log_level=None, verb_name='build', build_base='build', install_base='install', merge_install=False, symlink_install=True, test_result_base=None, continue_on_error=False, executor='parallel', parallel_workers=12, event_handlers=None, ignore_user_meta=False, metas=['./colcon.meta'], base_paths=['.'], packages_ignore=None, packages_ignore_regex=None, paths=None, packages_up_to=None, packages_up_to_regex=None, packages_above=None, packages_above_and_dependencies=None, packages_above_depth=None, packages_select_by_dep=None, packages_skip_by_dep=None, packages_skip_up_to=None, packages_select_build_failed=False, packages_skip_build_finished=False, packages_select_test_failures=False, packages_skip_test_passed=False, packages_select=None, packages_skip=None, packages_select_regex=None, packages_skip_regex=None, packages_start=None, packages_end=None, cmake_args=None, cmake_target=None, cmake_target_skip_unavailable=False, cmake_clean_cache=False, cmake_clean_first=False, cmake_force_configure=False, ament_cmake_args=None, catkin_cmake_args=None, catkin_skip_building_tests=False, mixin_files=None, mixin=None, verb_parser=<colcon_mixin.mixin.mixin_argument.MixinArgumentDecorator object at 0x7f58815b32e0>, verb_extension=<colcon_core.verb.build.BuildVerb object at 0x7f5881768280>, main=<bound method BuildVerb.main of <colcon_core.verb.build.BuildVerb object at 0x7f5881768280>>, mixin_verb=('build',))
[0.205s] Level 1:colcon.colcon_core.package_discovery:discover_packages(colcon_meta) check parameters
[0.206s] INFO:colcon.colcon_metadata.package_discovery.colcon_meta:Using configuration from '/root/.colcon/metadata/default/Gazebo.meta'
[0.206s] INFO:colcon.colcon_metadata.package_discovery.colcon_meta:Using configuration from '/root/.colcon/metadata/default/fastrtps.meta'
[0.206s] Level 1:colcon.colcon_core.package_discovery:discover_packages(recursive) check parameters
[0.206s] Level 1:colcon.colcon_core.package_discovery:discover_packages(ignore) check parameters
[0.206s] Level 1:colcon.colcon_core.package_discovery:discover_packages(path) check parameters
[0.206s] Level 1:colcon.colcon_core.package_discovery:discover_packages(colcon_meta) discover
[0.206s] Level 1:colcon.colcon_core.package_discovery:discover_packages(recursive) discover
[0.206s] INFO:colcon.colcon_core.package_discovery:Crawling recursively for packages in '/root/experiments/algorithm_ws/ROS2_build'
[0.206s] Level 1:colcon.colcon_core.package_identification:_identify(.) by extensions ['ignore', 'ignore_ament_install']
[0.206s] Level 1:colcon.colcon_core.package_identification:_identify(.) by extension 'ignore'
[0.207s] Level 1:colcon.colcon_core.package_identification:_identify(.) by extension 'ignore_ament_install'
[0.207s] Level 1:colcon.colcon_core.package_identification:_identify(.) by extensions ['colcon_pkg']
[0.207s] Level 1:colcon.colcon_core.package_identification:_identify(.) by extension 'colcon_pkg'
[0.207s] Level 1:colcon.colcon_core.package_identification:_identify(.) by extensions ['colcon_meta']
[0.207s] Level 1:colcon.colcon_core.package_identification:_identify(.) by extension 'colcon_meta'
[0.207s] Level 1:colcon.colcon_core.package_identification:_identify(.) by extensions ['ros']
[0.207s] Level 1:colcon.colcon_core.package_identification:_identify(.) by extension 'ros'
[0.216s] Level 1:colcon.colcon_core.package_identification:_identify(.) by extensions ['cmake', 'python']
[0.216s] Level 1:colcon.colcon_core.package_identification:_identify(.) by extension 'cmake'
[0.216s] Level 1:colcon.colcon_core.package_identification:_identify(.) by extension 'python'
[0.216s] Level 1:colcon.colcon_core.package_identification:_identify(.) by extensions ['python_setup_py']
[0.216s] Level 1:colcon.colcon_core.package_identification:_identify(.) by extension 'python_setup_py'
[0.216s] Level 1:colcon.colcon_core.package_identification:_identify(build) by extensions ['ignore', 'ignore_ament_install']
[0.216s] Level 1:colcon.colcon_core.package_identification:_identify(build) by extension 'ignore'
[0.216s] Level 1:colcon.colcon_core.package_identification:_identify(build) ignored
[0.216s] Level 1:colcon.colcon_core.package_identification:_identify(install) by extensions ['ignore', 'ignore_ament_install']
[0.216s] Level 1:colcon.colcon_core.package_identification:_identify(install) by extension 'ignore'
[0.217s] Level 1:colcon.colcon_core.package_identification:_identify(install) ignored
[0.217s] Level 1:colcon.colcon_core.package_identification:_identify(log) by extensions ['ignore', 'ignore_ament_install']
[0.217s] Level 1:colcon.colcon_core.package_identification:_identify(log) by extension 'ignore'
[0.217s] Level 1:colcon.colcon_core.package_identification:_identify(log) ignored
[0.217s] Level 1:colcon.colcon_core.package_identification:_identify(src) by extensions ['ignore', 'ignore_ament_install']
[0.217s] Level 1:colcon.colcon_core.package_identification:_identify(src) by extension 'ignore'
[0.217s] Level 1:colcon.colcon_core.package_identification:_identify(src) by extension 'ignore_ament_install'
[0.217s] Level 1:colcon.colcon_core.package_identification:_identify(src) by extensions ['colcon_pkg']
[0.217s] Level 1:colcon.colcon_core.package_identification:_identify(src) by extension 'colcon_pkg'
[0.217s] Level 1:colcon.colcon_core.package_identification:_identify(src) by extensions ['colcon_meta']
[0.217s] Level 1:colcon.colcon_core.package_identification:_identify(src) by extension 'colcon_meta'
[0.217s] Level 1:colcon.colcon_core.package_identification:_identify(src) by extensions ['ros']
[0.217s] Level 1:colcon.colcon_core.package_identification:_identify(src) by extension 'ros'
[0.217s] Level 1:colcon.colcon_core.package_identification:_identify(src) by extensions ['cmake', 'python']
[0.217s] Level 1:colcon.colcon_core.package_identification:_identify(src) by extension 'cmake'
[0.217s] Level 1:colcon.colcon_core.package_identification:_identify(src) by extension 'python'
[0.217s] Level 1:colcon.colcon_core.package_identification:_identify(src) by extensions ['python_setup_py']
[0.217s] Level 1:colcon.colcon_core.package_identification:_identify(src) by extension 'python_setup_py'
[0.217s] Level 1:colcon.colcon_core.package_identification:_identify(src/topic) by extensions ['ignore', 'ignore_ament_install']
[0.217s] Level 1:colcon.colcon_core.package_identification:_identify(src/topic) by extension 'ignore'
[0.217s] Level 1:colcon.colcon_core.package_identification:_identify(src/topic) by extension 'ignore_ament_install'
[0.217s] Level 1:colcon.colcon_core.package_identification:_identify(src/topic) by extensions ['colcon_pkg']
[0.217s] Level 1:colcon.colcon_core.package_identification:_identify(src/topic) by extension 'colcon_pkg'
[0.218s] Level 1:colcon.colcon_core.package_identification:_identify(src/topic) by extensions ['colcon_meta']
[0.218s] Level 1:colcon.colcon_core.package_identification:_identify(src/topic) by extension 'colcon_meta'
[0.218s] Level 1:colcon.colcon_core.package_identification:_identify(src/topic) by extensions ['ros']
[0.218s] Level 1:colcon.colcon_core.package_identification:_identify(src/topic) by extension 'ros'
[0.218s] Level 1:colcon.colcon_core.package_identification:_identify(src/topic) by extensions ['cmake', 'python']
[0.218s] Level 1:colcon.colcon_core.package_identification:_identify(src/topic) by extension 'cmake'
[0.218s] Level 1:colcon.colcon_core.package_identification:_identify(src/topic) by extension 'python'
[0.218s] Level 1:colcon.colcon_core.package_identification:_identify(src/topic) by extensions ['python_setup_py']
[0.218s] Level 1:colcon.colcon_core.package_identification:_identify(src/topic) by extension 'python_setup_py'
[0.218s] Level 1:colcon.colcon_core.package_identification:_identify(src/topic/dummy_publisher_component) by extensions ['ignore', 'ignore_ament_install']
[0.218s] Level 1:colcon.colcon_core.package_identification:_identify(src/topic/dummy_publisher_component) by extension 'ignore'
[0.218s] Level 1:colcon.colcon_core.package_identification:_identify(src/topic/dummy_publisher_component) by extension 'ignore_ament_install'
[0.218s] Level 1:colcon.colcon_core.package_identification:_identify(src/topic/dummy_publisher_component) by extensions ['colcon_pkg']
[0.218s] Level 1:colcon.colcon_core.package_identification:_identify(src/topic/dummy_publisher_component) by extension 'colcon_pkg'
[0.218s] Level 1:colcon.colcon_core.package_identification:_identify(src/topic/dummy_publisher_component) by extensions ['colcon_meta']
[0.218s] Level 1:colcon.colcon_core.package_identification:_identify(src/topic/dummy_publisher_component) by extension 'colcon_meta'
[0.218s] Level 1:colcon.colcon_core.package_identification:_identify(src/topic/dummy_publisher_component) by extensions ['ros']
[0.218s] Level 1:colcon.colcon_core.package_identification:_identify(src/topic/dummy_publisher_component) by extension 'ros'
[0.220s] DEBUG:colcon.colcon_core.package_identification:Package 'src/topic/dummy_publisher_component' with type 'ros.ament_cmake' and name 'dummy_publisher_component'
[0.220s] Level 1:colcon.colcon_core.package_identification:_identify(src/topic/dummy_publisher_node) by extensions ['ignore', 'ignore_ament_install']
[0.221s] Level 1:colcon.colcon_core.package_identification:_identify(src/topic/dummy_publisher_node) by extension 'ignore'
[0.221s] Level 1:colcon.colcon_core.package_identification:_identify(src/topic/dummy_publisher_node) by extension 'ignore_ament_install'
[0.221s] Level 1:colcon.colcon_core.package_identification:_identify(src/topic/dummy_publisher_node) by extensions ['colcon_pkg']
[0.221s] Level 1:colcon.colcon_core.package_identification:_identify(src/topic/dummy_publisher_node) by extension 'colcon_pkg'
[0.221s] Level 1:colcon.colcon_core.package_identification:_identify(src/topic/dummy_publisher_node) by extensions ['colcon_meta']
[0.221s] Level 1:colcon.colcon_core.package_identification:_identify(src/topic/dummy_publisher_node) by extension 'colcon_meta'
[0.221s] Level 1:colcon.colcon_core.package_identification:_identify(src/topic/dummy_publisher_node) by extensions ['ros']
[0.221s] Level 1:colcon.colcon_core.package_identification:_identify(src/topic/dummy_publisher_node) by extension 'ros'
[0.221s] DEBUG:colcon.colcon_core.package_identification:Package 'src/topic/dummy_publisher_node' with type 'ros.ament_cmake' and name 'dummy_publisher_node'
[0.222s] Level 1:colcon.colcon_core.package_identification:_identify(src/topic/dummy_subscriber_component) by extensions ['ignore', 'ignore_ament_install']
[0.222s] Level 1:colcon.colcon_core.package_identification:_identify(src/topic/dummy_subscriber_component) by extension 'ignore'
[0.222s] Level 1:colcon.colcon_core.package_identification:_identify(src/topic/dummy_subscriber_component) by extension 'ignore_ament_install'
[0.222s] Level 1:colcon.colcon_core.package_identification:_identify(src/topic/dummy_subscriber_component) by extensions ['colcon_pkg']
[0.222s] Level 1:colcon.colcon_core.package_identification:_identify(src/topic/dummy_subscriber_component) by extension 'colcon_pkg'
[0.222s] Level 1:colcon.colcon_core.package_identification:_identify(src/topic/dummy_subscriber_component) by extensions ['colcon_meta']
[0.222s] Level 1:colcon.colcon_core.package_identification:_identify(src/topic/dummy_subscriber_component) by extension 'colcon_meta'
[0.222s] Level 1:colcon.colcon_core.package_identification:_identify(src/topic/dummy_subscriber_component) by extensions ['ros']
[0.222s] Level 1:colcon.colcon_core.package_identification:_identify(src/topic/dummy_subscriber_component) by extension 'ros'
[0.222s] DEBUG:colcon.colcon_core.package_identification:Package 'src/topic/dummy_subscriber_component' with type 'ros.ament_cmake' and name 'dummy_subscriber_component'
[0.223s] Level 1:colcon.colcon_core.package_identification:_identify(src/topic/dummy_subscriber_node) by extensions ['ignore', 'ignore_ament_install']
[0.223s] Level 1:colcon.colcon_core.package_identification:_identify(src/topic/dummy_subscriber_node) by extension 'ignore'
[0.223s] Level 1:colcon.colcon_core.package_identification:_identify(src/topic/dummy_subscriber_node) by extension 'ignore_ament_install'
[0.223s] Level 1:colcon.colcon_core.package_identification:_identify(src/topic/dummy_subscriber_node) by extensions ['colcon_pkg']
[0.223s] Level 1:colcon.colcon_core.package_identification:_identify(src/topic/dummy_subscriber_node) by extension 'colcon_pkg'
[0.223s] Level 1:colcon.colcon_core.package_identification:_identify(src/topic/dummy_subscriber_node) by extensions ['colcon_meta']
[0.223s] Level 1:colcon.colcon_core.package_identification:_identify(src/topic/dummy_subscriber_node) by extension 'colcon_meta'
[0.223s] Level 1:colcon.colcon_core.package_identification:_identify(src/topic/dummy_subscriber_node) by extensions ['ros']
[0.223s] Level 1:colcon.colcon_core.package_identification:_identify(src/topic/dummy_subscriber_node) by extension 'ros'
[0.223s] DEBUG:colcon.colcon_core.package_identification:Package 'src/topic/dummy_subscriber_node' with type 'ros.ament_cmake' and name 'dummy_subscriber_node'
[0.223s] Level 1:colcon.colcon_core.package_discovery:discover_packages(recursive) using defaults
[0.223s] Level 1:colcon.colcon_core.package_discovery:discover_packages(ignore) discover
[0.223s] Level 1:colcon.colcon_core.package_discovery:discover_packages(ignore) using defaults
[0.223s] Level 1:colcon.colcon_core.package_discovery:discover_packages(path) discover
[0.223s] Level 1:colcon.colcon_core.package_discovery:discover_packages(path) using defaults
[0.239s] Level 5:colcon.colcon_core.verb:set package 'dummy_publisher_component' build argument 'cmake_args' from command line to 'None'
[0.240s] Level 5:colcon.colcon_core.verb:set package 'dummy_publisher_component' build argument 'cmake_target' from command line to 'None'
[0.240s] Level 5:colcon.colcon_core.verb:set package 'dummy_publisher_component' build argument 'cmake_target_skip_unavailable' from command line to 'False'
[0.240s] Level 5:colcon.colcon_core.verb:set package 'dummy_publisher_component' build argument 'cmake_clean_cache' from command line to 'False'
[0.240s] Level 5:colcon.colcon_core.verb:set package 'dummy_publisher_component' build argument 'cmake_clean_first' from command line to 'False'
[0.240s] Level 5:colcon.colcon_core.verb:set package 'dummy_publisher_component' build argument 'cmake_force_configure' from command line to 'False'
[0.240s] Level 5:colcon.colcon_core.verb:set package 'dummy_publisher_component' build argument 'ament_cmake_args' from command line to 'None'
[0.240s] Level 5:colcon.colcon_core.verb:set package 'dummy_publisher_component' build argument 'catkin_cmake_args' from command line to 'None'
[0.240s] Level 5:colcon.colcon_core.verb:set package 'dummy_publisher_component' build argument 'catkin_skip_building_tests' from command line to 'False'
[0.240s] DEBUG:colcon.colcon_core.verb:Building package 'dummy_publisher_component' with the following arguments: {'ament_cmake_args': None, 'build_base': '/root/experiments/algorithm_ws/ROS2_build/build/dummy_publisher_component', 'catkin_cmake_args': None, 'catkin_skip_building_tests': False, 'cmake_args': None, 'cmake_clean_cache': False, 'cmake_clean_first': False, 'cmake_force_configure': False, 'cmake_target': None, 'cmake_target_skip_unavailable': False, 'install_base': '/root/experiments/algorithm_ws/ROS2_build/install/dummy_publisher_component', 'merge_install': False, 'path': '/root/experiments/algorithm_ws/ROS2_build/src/topic/dummy_publisher_component', 'symlink_install': True, 'test_result_base': None}
[0.240s] Level 5:colcon.colcon_core.verb:set package 'dummy_publisher_node' build argument 'cmake_args' from command line to 'None'
[0.240s] Level 5:colcon.colcon_core.verb:set package 'dummy_publisher_node' build argument 'cmake_target' from command line to 'None'
[0.240s] Level 5:colcon.colcon_core.verb:set package 'dummy_publisher_node' build argument 'cmake_target_skip_unavailable' from command line to 'False'
[0.240s] Level 5:colcon.colcon_core.verb:set package 'dummy_publisher_node' build argument 'cmake_clean_cache' from command line to 'False'
[0.240s] Level 5:colcon.colcon_core.verb:set package 'dummy_publisher_node' build argument 'cmake_clean_first' from command line to 'False'
[0.240s] Level 5:colcon.colcon_core.verb:set package 'dummy_publisher_node' build argument 'cmake_force_configure' from command line to 'False'
[0.240s] Level 5:colcon.colcon_core.verb:set package 'dummy_publisher_node' build argument 'ament_cmake_args' from command line to 'None'
[0.240s] Level 5:colcon.colcon_core.verb:set package 'dummy_publisher_node' build argument 'catkin_cmake_args' from command line to 'None'
[0.240s] Level 5:colcon.colcon_core.verb:set package 'dummy_publisher_node' build argument 'catkin_skip_building_tests' from command line to 'False'
[0.240s] DEBUG:colcon.colcon_core.verb:Building package 'dummy_publisher_node' with the following arguments: {'ament_cmake_args': None, 'build_base': '/root/experiments/algorithm_ws/ROS2_build/build/dummy_publisher_node', 'catkin_cmake_args': None, 'catkin_skip_building_tests': False, 'cmake_args': None, 'cmake_clean_cache': False, 'cmake_clean_first': False, 'cmake_force_configure': False, 'cmake_target': None, 'cmake_target_skip_unavailable': False, 'install_base': '/root/experiments/algorithm_ws/ROS2_build/install/dummy_publisher_node', 'merge_install': False, 'path': '/root/experiments/algorithm_ws/ROS2_build/src/topic/dummy_publisher_node', 'symlink_install': True, 'test_result_base': None}
[0.241s] Level 5:colcon.colcon_core.verb:set package 'dummy_subscriber_component' build argument 'cmake_args' from command line to 'None'
[0.241s] Level 5:colcon.colcon_core.verb:set package 'dummy_subscriber_component' build argument 'cmake_target' from command line to 'None'
[0.241s] Level 5:colcon.colcon_core.verb:set package 'dummy_subscriber_component' build argument 'cmake_target_skip_unavailable' from command line to 'False'
[0.241s] Level 5:colcon.colcon_core.verb:set package 'dummy_subscriber_component' build argument 'cmake_clean_cache' from command line to 'False'
[0.241s] Level 5:colcon.colcon_core.verb:set package 'dummy_subscriber_component' build argument 'cmake_clean_first' from command line to 'False'
[0.241s] Level 5:colcon.colcon_core.verb:set package 'dummy_subscriber_component' build argument 'cmake_force_configure' from command line to 'False'
[0.241s] Level 5:colcon.colcon_core.verb:set package 'dummy_subscriber_component' build argument 'ament_cmake_args' from command line to 'None'
[0.241s] Level 5:colcon.colcon_core.verb:set package 'dummy_subscriber_component' build argument 'catkin_cmake_args' from command line to 'None'
[0.241s] Level 5:colcon.colcon_core.verb:set package 'dummy_subscriber_component' build argument 'catkin_skip_building_tests' from command line to 'False'
[0.241s] DEBUG:colcon.colcon_core.verb:Building package 'dummy_subscriber_component' with the following arguments: {'ament_cmake_args': None, 'build_base': '/root/experiments/algorithm_ws/ROS2_build/build/dummy_subscriber_component', 'catkin_cmake_args': None, 'catkin_skip_building_tests': False, 'cmake_args': None, 'cmake_clean_cache': False, 'cmake_clean_first': False, 'cmake_force_configure': False, 'cmake_target': None, 'cmake_target_skip_unavailable': False, 'install_base': '/root/experiments/algorithm_ws/ROS2_build/install/dummy_subscriber_component', 'merge_install': False, 'path': '/root/experiments/algorithm_ws/ROS2_build/src/topic/dummy_subscriber_component', 'symlink_install': True, 'test_result_base': None}
[0.241s] Level 5:colcon.colcon_core.verb:set package 'dummy_subscriber_node' build argument 'cmake_args' from command line to 'None'
[0.241s] Level 5:colcon.colcon_core.verb:set package 'dummy_subscriber_node' build argument 'cmake_target' from command line to 'None'
[0.241s] Level 5:colcon.colcon_core.verb:set package 'dummy_subscriber_node' build argument 'cmake_target_skip_unavailable' from command line to 'False'
[0.241s] Level 5:colcon.colcon_core.verb:set package 'dummy_subscriber_node' build argument 'cmake_clean_cache' from command line to 'False'
[0.241s] Level 5:colcon.colcon_core.verb:set package 'dummy_subscriber_node' build argument 'cmake_clean_first' from command line to 'False'
[0.241s] Level 5:colcon.colcon_core.verb:set package 'dummy_subscriber_node' build argument 'cmake_force_configure' from command line to 'False'
[0.241s] Level 5:colcon.colcon_core.verb:set package 'dummy_subscriber_node' build argument 'ament_cmake_args' from command line to 'None'
[0.241s] Level 5:colcon.colcon_core.verb:set package 'dummy_subscriber_node' build argument 'catkin_cmake_args' from command line to 'None'
[0.241s] Level 5:colcon.colcon_core.verb:set package 'dummy_subscriber_node' build argument 'catkin_skip_building_tests' from command line to 'False'
[0.241s] DEBUG:colcon.colcon_core.verb:Building package 'dummy_subscriber_node' with the following arguments: {'ament_cmake_args': None, 'build_base': '/root/experiments/algorithm_ws/ROS2_build/build/dummy_subscriber_node', 'catkin_cmake_args': None, 'catkin_skip_building_tests': False, 'cmake_args': None, 'cmake_clean_cache': False, 'cmake_clean_first': False, 'cmake_force_configure': False, 'cmake_target': None, 'cmake_target_skip_unavailable': False, 'install_base': '/root/experiments/algorithm_ws/ROS2_build/install/dummy_subscriber_node', 'merge_install': False, 'path': '/root/experiments/algorithm_ws/ROS2_build/src/topic/dummy_subscriber_node', 'symlink_install': True, 'test_result_base': None}
[0.241s] INFO:colcon.colcon_core.executor:Executing jobs using 'parallel' executor
[0.242s] DEBUG:colcon.colcon_parallel_executor.executor.parallel:run_until_complete
[0.243s] INFO:colcon.colcon_ros.task.ament_cmake.build:Building ROS package in '/root/experiments/algorithm_ws/ROS2_build/src/topic/dummy_publisher_component' with build type 'ament_cmake'
[0.243s] INFO:colcon.colcon_cmake.task.cmake.build:Building CMake package in '/root/experiments/algorithm_ws/ROS2_build/src/topic/dummy_publisher_component'
[0.245s] INFO:colcon.colcon_core.plugin_system:Skipping extension 'colcon_core.shell.bat': Not used on non-Windows systems
[0.245s] INFO:colcon.colcon_core.shell:Skip shell extension 'powershell' for command environment: Not usable outside of PowerShell
[0.245s] DEBUG:colcon.colcon_core.shell:Skip shell extension 'dsv' for command environment
[0.246s] WARNING:colcon.colcon_ros.prefix_path.ament:The path '/root/experiments/algorithm_ws/ROS2_build/install/dummy_subscriber_node' in the environment variable AMENT_PREFIX_PATH doesn't exist
[0.246s] WARNING:colcon.colcon_ros.prefix_path.ament:The path '/root/experiments/algorithm_ws/ROS2_build/install/dummy_subscriber_component' in the environment variable AMENT_PREFIX_PATH doesn't exist
[0.246s] WARNING:colcon.colcon_ros.prefix_path.ament:The path '/root/experiments/algorithm_ws/ROS2_build/install/dummy_publisher_node' in the environment variable AMENT_PREFIX_PATH doesn't exist
[0.246s] WARNING:colcon.colcon_ros.prefix_path.ament:The path '/root/experiments/algorithm_ws/ROS2_build/install/dummy_publisher_component' in the environment variable AMENT_PREFIX_PATH doesn't exist
[0.246s] WARNING:colcon.colcon_ros.prefix_path.ament:The path '/root/experiments/algorithm_ws/ROS2_build/install/dummy_publisher' in the environment variable AMENT_PREFIX_PATH doesn't exist
[0.246s] WARNING:colcon.colcon_ros.prefix_path.catkin:The path '/root/experiments/algorithm_ws/ROS2_build/install/dummy_subscriber_node' in the environment variable CMAKE_PREFIX_PATH doesn't exist
[0.246s] WARNING:colcon.colcon_ros.prefix_path.catkin:The path '/root/experiments/algorithm_ws/ROS2_build/install/dummy_subscriber_component' in the environment variable CMAKE_PREFIX_PATH doesn't exist
[0.246s] WARNING:colcon.colcon_ros.prefix_path.catkin:The path '/root/experiments/algorithm_ws/ROS2_build/install/dummy_publisher_node' in the environment variable CMAKE_PREFIX_PATH doesn't exist
[0.246s] WARNING:colcon.colcon_ros.prefix_path.catkin:The path '/root/experiments/algorithm_ws/ROS2_build/install/dummy_publisher_component' in the environment variable CMAKE_PREFIX_PATH doesn't exist
[0.246s] WARNING:colcon.colcon_ros.prefix_path.catkin:The path '/root/experiments/algorithm_ws/ROS2_build/install/dummy_publisher' in the environment variable CMAKE_PREFIX_PATH doesn't exist
[0.250s] INFO:colcon.colcon_ros.task.ament_cmake.build:Building ROS package in '/root/experiments/algorithm_ws/ROS2_build/src/topic/dummy_publisher_node' with build type 'ament_cmake'
[0.251s] INFO:colcon.colcon_cmake.task.cmake.build:Building CMake package in '/root/experiments/algorithm_ws/ROS2_build/src/topic/dummy_publisher_node'
[0.251s] INFO:colcon.colcon_core.shell:Skip shell extension 'powershell' for command environment: Not usable outside of PowerShell
[0.251s] DEBUG:colcon.colcon_core.shell:Skip shell extension 'dsv' for command environment
[0.254s] INFO:colcon.colcon_ros.task.ament_cmake.build:Building ROS package in '/root/experiments/algorithm_ws/ROS2_build/src/topic/dummy_subscriber_component' with build type 'ament_cmake'
[0.255s] INFO:colcon.colcon_cmake.task.cmake.build:Building CMake package in '/root/experiments/algorithm_ws/ROS2_build/src/topic/dummy_subscriber_component'
[0.255s] INFO:colcon.colcon_core.shell:Skip shell extension 'powershell' for command environment: Not usable outside of PowerShell
[0.255s] DEBUG:colcon.colcon_core.shell:Skip shell extension 'dsv' for command environment
[0.258s] INFO:colcon.colcon_ros.task.ament_cmake.build:Building ROS package in '/root/experiments/algorithm_ws/ROS2_build/src/topic/dummy_subscriber_node' with build type 'ament_cmake'
[0.258s] INFO:colcon.colcon_cmake.task.cmake.build:Building CMake package in '/root/experiments/algorithm_ws/ROS2_build/src/topic/dummy_subscriber_node'
[0.258s] INFO:colcon.colcon_core.shell:Skip shell extension 'powershell' for command environment: Not usable outside of PowerShell
[0.259s] DEBUG:colcon.colcon_core.shell:Skip shell extension 'dsv' for command environment
[0.282s] DEBUG:colcon.colcon_core.event_handler.log_command:Invoking command in '/root/experiments/algorithm_ws/ROS2_build/build/dummy_publisher_component': CMAKE_PREFIX_PATH=${CMAKE_PREFIX_PATH}:/opt/ros/humble /usr/bin/cmake /root/experiments/algorithm_ws/ROS2_build/src/topic/dummy_publisher_component -DAMENT_CMAKE_SYMLINK_INSTALL=1 -DCMAKE_INSTALL_PREFIX=/root/experiments/algorithm_ws/ROS2_build/install/dummy_publisher_component
[0.287s] DEBUG:colcon.colcon_core.event_handler.log_command:Invoking command in '/root/experiments/algorithm_ws/ROS2_build/build/dummy_publisher_node': CMAKE_PREFIX_PATH=${CMAKE_PREFIX_PATH}:/opt/ros/humble /usr/bin/cmake /root/experiments/algorithm_ws/ROS2_build/src/topic/dummy_publisher_node -DAMENT_CMAKE_SYMLINK_INSTALL=1 -DCMAKE_INSTALL_PREFIX=/root/experiments/algorithm_ws/ROS2_build/install/dummy_publisher_node
[0.292s] DEBUG:colcon.colcon_core.event_handler.log_command:Invoking command in '/root/experiments/algorithm_ws/ROS2_build/build/dummy_subscriber_component': CMAKE_PREFIX_PATH=${CMAKE_PREFIX_PATH}:/opt/ros/humble /usr/bin/cmake /root/experiments/algorithm_ws/ROS2_build/src/topic/dummy_subscriber_component -DAMENT_CMAKE_SYMLINK_INSTALL=1 -DCMAKE_INSTALL_PREFIX=/root/experiments/algorithm_ws/ROS2_build/install/dummy_subscriber_component
[0.299s] DEBUG:colcon.colcon_core.event_handler.log_command:Invoking command in '/root/experiments/algorithm_ws/ROS2_build/build/dummy_subscriber_node': CMAKE_PREFIX_PATH=${CMAKE_PREFIX_PATH}:/opt/ros/humble /usr/bin/cmake /root/experiments/algorithm_ws/ROS2_build/src/topic/dummy_subscriber_node -DAMENT_CMAKE_SYMLINK_INSTALL=1 -DCMAKE_INSTALL_PREFIX=/root/experiments/algorithm_ws/ROS2_build/install/dummy_subscriber_node
[1.235s] DEBUG:colcon.colcon_core.event_handler.log_command:Invoked command in '/root/experiments/algorithm_ws/ROS2_build/build/dummy_publisher_node' returned '0': CMAKE_PREFIX_PATH=${CMAKE_PREFIX_PATH}:/opt/ros/humble /usr/bin/cmake /root/experiments/algorithm_ws/ROS2_build/src/topic/dummy_publisher_node -DAMENT_CMAKE_SYMLINK_INSTALL=1 -DCMAKE_INSTALL_PREFIX=/root/experiments/algorithm_ws/ROS2_build/install/dummy_publisher_node
[1.237s] DEBUG:colcon.colcon_core.event_handler.log_command:Invoking command in '/root/experiments/algorithm_ws/ROS2_build/build/dummy_publisher_node': CMAKE_PREFIX_PATH=${CMAKE_PREFIX_PATH}:/opt/ros/humble /usr/bin/cmake --build /root/experiments/algorithm_ws/ROS2_build/build/dummy_publisher_node -- -j12 -l12
[1.262s] DEBUG:colcon.colcon_core.event_handler.log_command:Invoked command in '/root/experiments/algorithm_ws/ROS2_build/build/dummy_subscriber_node' returned '0': CMAKE_PREFIX_PATH=${CMAKE_PREFIX_PATH}:/opt/ros/humble /usr/bin/cmake /root/experiments/algorithm_ws/ROS2_build/src/topic/dummy_subscriber_node -DAMENT_CMAKE_SYMLINK_INSTALL=1 -DCMAKE_INSTALL_PREFIX=/root/experiments/algorithm_ws/ROS2_build/install/dummy_subscriber_node
[1.264s] DEBUG:colcon.colcon_core.event_handler.log_command:Invoking command in '/root/experiments/algorithm_ws/ROS2_build/build/dummy_subscriber_node': CMAKE_PREFIX_PATH=${CMAKE_PREFIX_PATH}:/opt/ros/humble /usr/bin/cmake --build /root/experiments/algorithm_ws/ROS2_build/build/dummy_subscriber_node -- -j12 -l12
[1.272s] DEBUG:colcon.colcon_core.event_handler.log_command:Invoked command in '/root/experiments/algorithm_ws/ROS2_build/build/dummy_publisher_component' returned '0': CMAKE_PREFIX_PATH=${CMAKE_PREFIX_PATH}:/opt/ros/humble /usr/bin/cmake /root/experiments/algorithm_ws/ROS2_build/src/topic/dummy_publisher_component -DAMENT_CMAKE_SYMLINK_INSTALL=1 -DCMAKE_INSTALL_PREFIX=/root/experiments/algorithm_ws/ROS2_build/install/dummy_publisher_component
[1.274s] DEBUG:colcon.colcon_core.event_handler.log_command:Invoking command in '/root/experiments/algorithm_ws/ROS2_build/build/dummy_publisher_component': CMAKE_PREFIX_PATH=${CMAKE_PREFIX_PATH}:/opt/ros/humble /usr/bin/cmake --build /root/experiments/algorithm_ws/ROS2_build/build/dummy_publisher_component -- -j12 -l12
[1.312s] DEBUG:colcon.colcon_core.event_handler.log_command:Invoked command in '/root/experiments/algorithm_ws/ROS2_build/build/dummy_subscriber_component' returned '0': CMAKE_PREFIX_PATH=${CMAKE_PREFIX_PATH}:/opt/ros/humble /usr/bin/cmake /root/experiments/algorithm_ws/ROS2_build/src/topic/dummy_subscriber_component -DAMENT_CMAKE_SYMLINK_INSTALL=1 -DCMAKE_INSTALL_PREFIX=/root/experiments/algorithm_ws/ROS2_build/install/dummy_subscriber_component
[1.314s] DEBUG:colcon.colcon_core.event_handler.log_command:Invoking command in '/root/experiments/algorithm_ws/ROS2_build/build/dummy_subscriber_component': CMAKE_PREFIX_PATH=${CMAKE_PREFIX_PATH}:/opt/ros/humble /usr/bin/cmake --build /root/experiments/algorithm_ws/ROS2_build/build/dummy_subscriber_component -- -j12 -l12
[5.875s] DEBUG:colcon.colcon_core.event_handler.log_command:Invoked command in '/root/experiments/algorithm_ws/ROS2_build/build/dummy_publisher_node' returned '0': CMAKE_PREFIX_PATH=${CMAKE_PREFIX_PATH}:/opt/ros/humble /usr/bin/cmake --build /root/experiments/algorithm_ws/ROS2_build/build/dummy_publisher_node -- -j12 -l12
[5.885s] DEBUG:colcon.colcon_core.event_handler.log_command:Invoking command in '/root/experiments/algorithm_ws/ROS2_build/build/dummy_publisher_node': CMAKE_PREFIX_PATH=${CMAKE_PREFIX_PATH}:/opt/ros/humble /usr/bin/cmake --install /root/experiments/algorithm_ws/ROS2_build/build/dummy_publisher_node
[5.921s] DEBUG:colcon.colcon_core.event_handler.log_command:Invoked command in '/root/experiments/algorithm_ws/ROS2_build/build/dummy_publisher_component' returned '0': CMAKE_PREFIX_PATH=${CMAKE_PREFIX_PATH}:/opt/ros/humble /usr/bin/cmake --build /root/experiments/algorithm_ws/ROS2_build/build/dummy_publisher_component -- -j12 -l12
[5.923s] DEBUG:colcon.colcon_core.event_handler.log_command:Invoking command in '/root/experiments/algorithm_ws/ROS2_build/build/dummy_publisher_component': CMAKE_PREFIX_PATH=${CMAKE_PREFIX_PATH}:/opt/ros/humble /usr/bin/cmake --install /root/experiments/algorithm_ws/ROS2_build/build/dummy_publisher_component
[6.034s] Level 1:colcon.colcon_core.environment:create_environment_scripts_only(dummy_publisher_node)
[6.035s] DEBUG:colcon.colcon_core.event_handler.log_command:Invoked command in '/root/experiments/algorithm_ws/ROS2_build/build/dummy_publisher_node' returned '0': CMAKE_PREFIX_PATH=${CMAKE_PREFIX_PATH}:/opt/ros/humble /usr/bin/cmake --install /root/experiments/algorithm_ws/ROS2_build/build/dummy_publisher_node
[6.039s] Level 1:colcon.colcon_core.environment:checking '/root/experiments/algorithm_ws/ROS2_build/install/dummy_publisher_node' for CMake module files
[6.040s] Level 1:colcon.colcon_core.environment:checking '/root/experiments/algorithm_ws/ROS2_build/install/dummy_publisher_node' for CMake config files
[6.041s] Level 1:colcon.colcon_core.shell:create_environment_hook('dummy_publisher_node', 'cmake_prefix_path')
[6.041s] INFO:colcon.colcon_core.shell:Creating environment hook '/root/experiments/algorithm_ws/ROS2_build/install/dummy_publisher_node/share/dummy_publisher_node/hook/cmake_prefix_path.ps1'
[6.043s] INFO:colcon.colcon_core.shell:Creating environment descriptor '/root/experiments/algorithm_ws/ROS2_build/install/dummy_publisher_node/share/dummy_publisher_node/hook/cmake_prefix_path.dsv'
[6.044s] INFO:colcon.colcon_core.shell:Creating environment hook '/root/experiments/algorithm_ws/ROS2_build/install/dummy_publisher_node/share/dummy_publisher_node/hook/cmake_prefix_path.sh'
[6.045s] Level 1:colcon.colcon_core.environment:checking '/root/experiments/algorithm_ws/ROS2_build/install/dummy_publisher_node/lib'
[6.045s] Level 1:colcon.colcon_core.environment:checking '/root/experiments/algorithm_ws/ROS2_build/install/dummy_publisher_node/bin'
[6.045s] Level 1:colcon.colcon_core.environment:checking '/root/experiments/algorithm_ws/ROS2_build/install/dummy_publisher_node/lib/pkgconfig/dummy_publisher_node.pc'
[6.047s] Level 1:colcon.colcon_core.environment:checking '/root/experiments/algorithm_ws/ROS2_build/install/dummy_publisher_node/lib/python3.10/site-packages'
[6.047s] Level 1:colcon.colcon_core.environment:checking '/root/experiments/algorithm_ws/ROS2_build/install/dummy_publisher_node/bin'
[6.048s] INFO:colcon.colcon_core.shell:Creating package script '/root/experiments/algorithm_ws/ROS2_build/install/dummy_publisher_node/share/dummy_publisher_node/package.ps1'
[6.049s] INFO:colcon.colcon_core.shell:Creating package descriptor '/root/experiments/algorithm_ws/ROS2_build/install/dummy_publisher_node/share/dummy_publisher_node/package.dsv'
[6.049s] INFO:colcon.colcon_core.shell:Creating package script '/root/experiments/algorithm_ws/ROS2_build/install/dummy_publisher_node/share/dummy_publisher_node/package.sh'
[6.051s] INFO:colcon.colcon_core.shell:Creating package script '/root/experiments/algorithm_ws/ROS2_build/install/dummy_publisher_node/share/dummy_publisher_node/package.bash'
[6.052s] INFO:colcon.colcon_core.shell:Creating package script '/root/experiments/algorithm_ws/ROS2_build/install/dummy_publisher_node/share/dummy_publisher_node/package.zsh'
[6.069s] Level 1:colcon.colcon_core.environment:create_file_with_runtime_dependencies(/root/experiments/algorithm_ws/ROS2_build/install/dummy_publisher_node/share/colcon-core/packages/dummy_publisher_node)
[6.071s] Level 1:colcon.colcon_core.environment:create_environment_scripts_only(dummy_publisher_node)
[6.071s] Level 1:colcon.colcon_core.environment:checking '/root/experiments/algorithm_ws/ROS2_build/install/dummy_publisher_node' for CMake module files
[6.072s] Level 1:colcon.colcon_core.environment:checking '/root/experiments/algorithm_ws/ROS2_build/install/dummy_publisher_node' for CMake config files
[6.073s] Level 1:colcon.colcon_core.shell:create_environment_hook('dummy_publisher_node', 'cmake_prefix_path')
[6.074s] INFO:colcon.colcon_core.shell:Creating environment hook '/root/experiments/algorithm_ws/ROS2_build/install/dummy_publisher_node/share/dummy_publisher_node/hook/cmake_prefix_path.ps1'
[6.074s] INFO:colcon.colcon_core.shell:Creating environment descriptor '/root/experiments/algorithm_ws/ROS2_build/install/dummy_publisher_node/share/dummy_publisher_node/hook/cmake_prefix_path.dsv'
[6.075s] INFO:colcon.colcon_core.shell:Creating environment hook '/root/experiments/algorithm_ws/ROS2_build/install/dummy_publisher_node/share/dummy_publisher_node/hook/cmake_prefix_path.sh'
[6.075s] Level 1:colcon.colcon_core.environment:checking '/root/experiments/algorithm_ws/ROS2_build/install/dummy_publisher_node/lib'
[6.076s] Level 1:colcon.colcon_core.environment:checking '/root/experiments/algorithm_ws/ROS2_build/install/dummy_publisher_node/bin'
[6.076s] Level 1:colcon.colcon_core.environment:checking '/root/experiments/algorithm_ws/ROS2_build/install/dummy_publisher_node/lib/pkgconfig/dummy_publisher_node.pc'
[6.076s] Level 1:colcon.colcon_core.environment:checking '/root/experiments/algorithm_ws/ROS2_build/install/dummy_publisher_node/lib/python3.10/site-packages'
[6.076s] Level 1:colcon.colcon_core.environment:checking '/root/experiments/algorithm_ws/ROS2_build/install/dummy_publisher_node/bin'
[6.076s] INFO:colcon.colcon_core.shell:Creating package script '/root/experiments/algorithm_ws/ROS2_build/install/dummy_publisher_node/share/dummy_publisher_node/package.ps1'
[6.077s] INFO:colcon.colcon_core.shell:Creating package descriptor '/root/experiments/algorithm_ws/ROS2_build/install/dummy_publisher_node/share/dummy_publisher_node/package.dsv'
[6.078s] INFO:colcon.colcon_core.shell:Creating package script '/root/experiments/algorithm_ws/ROS2_build/install/dummy_publisher_node/share/dummy_publisher_node/package.sh'
[6.078s] INFO:colcon.colcon_core.shell:Creating package script '/root/experiments/algorithm_ws/ROS2_build/install/dummy_publisher_node/share/dummy_publisher_node/package.bash'
[6.078s] INFO:colcon.colcon_core.shell:Creating package script '/root/experiments/algorithm_ws/ROS2_build/install/dummy_publisher_node/share/dummy_publisher_node/package.zsh'
[6.079s] Level 1:colcon.colcon_core.environment:create_file_with_runtime_dependencies(/root/experiments/algorithm_ws/ROS2_build/install/dummy_publisher_node/share/colcon-core/packages/dummy_publisher_node)
[6.100s] Level 1:colcon.colcon_core.environment:create_environment_scripts_only(dummy_publisher_component)
[6.100s] Level 1:colcon.colcon_core.environment:checking '/root/experiments/algorithm_ws/ROS2_build/install/dummy_publisher_component' for CMake module files
[6.101s] DEBUG:colcon.colcon_core.event_handler.log_command:Invoked command in '/root/experiments/algorithm_ws/ROS2_build/build/dummy_publisher_component' returned '0': CMAKE_PREFIX_PATH=${CMAKE_PREFIX_PATH}:/opt/ros/humble /usr/bin/cmake --install /root/experiments/algorithm_ws/ROS2_build/build/dummy_publisher_component
[6.102s] Level 1:colcon.colcon_core.environment:checking '/root/experiments/algorithm_ws/ROS2_build/install/dummy_publisher_component' for CMake config files
[6.102s] Level 1:colcon.colcon_core.shell:create_environment_hook('dummy_publisher_component', 'cmake_prefix_path')
[6.103s] INFO:colcon.colcon_core.shell:Creating environment hook '/root/experiments/algorithm_ws/ROS2_build/install/dummy_publisher_component/share/dummy_publisher_component/hook/cmake_prefix_path.ps1'
[6.104s] INFO:colcon.colcon_core.shell:Creating environment descriptor '/root/experiments/algorithm_ws/ROS2_build/install/dummy_publisher_component/share/dummy_publisher_component/hook/cmake_prefix_path.dsv'
[6.105s] INFO:colcon.colcon_core.shell:Creating environment hook '/root/experiments/algorithm_ws/ROS2_build/install/dummy_publisher_component/share/dummy_publisher_component/hook/cmake_prefix_path.sh'
[6.105s] Level 1:colcon.colcon_core.environment:checking '/root/experiments/algorithm_ws/ROS2_build/install/dummy_publisher_component/lib'
[6.105s] Level 1:colcon.colcon_core.shell:create_environment_hook('dummy_publisher_component', 'ld_library_path_lib')
[6.106s] INFO:colcon.colcon_core.shell:Creating environment hook '/root/experiments/algorithm_ws/ROS2_build/install/dummy_publisher_component/share/dummy_publisher_component/hook/ld_library_path_lib.ps1'
[6.106s] INFO:colcon.colcon_core.shell:Creating environment descriptor '/root/experiments/algorithm_ws/ROS2_build/install/dummy_publisher_component/share/dummy_publisher_component/hook/ld_library_path_lib.dsv'
[6.106s] INFO:colcon.colcon_core.shell:Creating environment hook '/root/experiments/algorithm_ws/ROS2_build/install/dummy_publisher_component/share/dummy_publisher_component/hook/ld_library_path_lib.sh'
[6.107s] Level 1:colcon.colcon_core.environment:checking '/root/experiments/algorithm_ws/ROS2_build/install/dummy_publisher_component/bin'
[6.107s] Level 1:colcon.colcon_core.environment:checking '/root/experiments/algorithm_ws/ROS2_build/install/dummy_publisher_component/lib/pkgconfig/dummy_publisher_component.pc'
[6.107s] Level 1:colcon.colcon_core.environment:checking '/root/experiments/algorithm_ws/ROS2_build/install/dummy_publisher_component/lib/python3.10/site-packages'
[6.108s] Level 1:colcon.colcon_core.environment:checking '/root/experiments/algorithm_ws/ROS2_build/install/dummy_publisher_component/bin'
[6.108s] INFO:colcon.colcon_core.shell:Creating package script '/root/experiments/algorithm_ws/ROS2_build/install/dummy_publisher_component/share/dummy_publisher_component/package.ps1'
[6.108s] INFO:colcon.colcon_core.shell:Creating package descriptor '/root/experiments/algorithm_ws/ROS2_build/install/dummy_publisher_component/share/dummy_publisher_component/package.dsv'
[6.109s] INFO:colcon.colcon_core.shell:Creating package script '/root/experiments/algorithm_ws/ROS2_build/install/dummy_publisher_component/share/dummy_publisher_component/package.sh'
[6.109s] INFO:colcon.colcon_core.shell:Creating package script '/root/experiments/algorithm_ws/ROS2_build/install/dummy_publisher_component/share/dummy_publisher_component/package.bash'
[6.110s] INFO:colcon.colcon_core.shell:Creating package script '/root/experiments/algorithm_ws/ROS2_build/install/dummy_publisher_component/share/dummy_publisher_component/package.zsh'
[6.110s] Level 1:colcon.colcon_core.environment:create_file_with_runtime_dependencies(/root/experiments/algorithm_ws/ROS2_build/install/dummy_publisher_component/share/colcon-core/packages/dummy_publisher_component)
[6.111s] Level 1:colcon.colcon_core.environment:create_environment_scripts_only(dummy_publisher_component)
[6.111s] Level 1:colcon.colcon_core.environment:checking '/root/experiments/algorithm_ws/ROS2_build/install/dummy_publisher_component' for CMake module files
[6.112s] Level 1:colcon.colcon_core.environment:checking '/root/experiments/algorithm_ws/ROS2_build/install/dummy_publisher_component' for CMake config files
[6.112s] Level 1:colcon.colcon_core.shell:create_environment_hook('dummy_publisher_component', 'cmake_prefix_path')
[6.112s] INFO:colcon.colcon_core.shell:Creating environment hook '/root/experiments/algorithm_ws/ROS2_build/install/dummy_publisher_component/share/dummy_publisher_component/hook/cmake_prefix_path.ps1'
[6.113s] INFO:colcon.colcon_core.shell:Creating environment descriptor '/root/experiments/algorithm_ws/ROS2_build/install/dummy_publisher_component/share/dummy_publisher_component/hook/cmake_prefix_path.dsv'
[6.113s] INFO:colcon.colcon_core.shell:Creating environment hook '/root/experiments/algorithm_ws/ROS2_build/install/dummy_publisher_component/share/dummy_publisher_component/hook/cmake_prefix_path.sh'
[6.114s] Level 1:colcon.colcon_core.environment:checking '/root/experiments/algorithm_ws/ROS2_build/install/dummy_publisher_component/lib'
[6.114s] Level 1:colcon.colcon_core.shell:create_environment_hook('dummy_publisher_component', 'ld_library_path_lib')
[6.114s] INFO:colcon.colcon_core.shell:Creating environment hook '/root/experiments/algorithm_ws/ROS2_build/install/dummy_publisher_component/share/dummy_publisher_component/hook/ld_library_path_lib.ps1'
[6.114s] INFO:colcon.colcon_core.shell:Creating environment descriptor '/root/experiments/algorithm_ws/ROS2_build/install/dummy_publisher_component/share/dummy_publisher_component/hook/ld_library_path_lib.dsv'
[6.115s] INFO:colcon.colcon_core.shell:Creating environment hook '/root/experiments/algorithm_ws/ROS2_build/install/dummy_publisher_component/share/dummy_publisher_component/hook/ld_library_path_lib.sh'
[6.115s] Level 1:colcon.colcon_core.environment:checking '/root/experiments/algorithm_ws/ROS2_build/install/dummy_publisher_component/bin'
[6.115s] Level 1:colcon.colcon_core.environment:checking '/root/experiments/algorithm_ws/ROS2_build/install/dummy_publisher_component/lib/pkgconfig/dummy_publisher_component.pc'
[6.115s] Level 1:colcon.colcon_core.environment:checking '/root/experiments/algorithm_ws/ROS2_build/install/dummy_publisher_component/lib/python3.10/site-packages'
[6.116s] Level 1:colcon.colcon_core.environment:checking '/root/experiments/algorithm_ws/ROS2_build/install/dummy_publisher_component/bin'
[6.116s] INFO:colcon.colcon_core.shell:Creating package script '/root/experiments/algorithm_ws/ROS2_build/install/dummy_publisher_component/share/dummy_publisher_component/package.ps1'
[6.117s] INFO:colcon.colcon_core.shell:Creating package descriptor '/root/experiments/algorithm_ws/ROS2_build/install/dummy_publisher_component/share/dummy_publisher_component/package.dsv'
[6.117s] INFO:colcon.colcon_core.shell:Creating package script '/root/experiments/algorithm_ws/ROS2_build/install/dummy_publisher_component/share/dummy_publisher_component/package.sh'
[6.118s] INFO:colcon.colcon_core.shell:Creating package script '/root/experiments/algorithm_ws/ROS2_build/install/dummy_publisher_component/share/dummy_publisher_component/package.bash'
[6.118s] INFO:colcon.colcon_core.shell:Creating package script '/root/experiments/algorithm_ws/ROS2_build/install/dummy_publisher_component/share/dummy_publisher_component/package.zsh'
[6.118s] Level 1:colcon.colcon_core.environment:create_file_with_runtime_dependencies(/root/experiments/algorithm_ws/ROS2_build/install/dummy_publisher_component/share/colcon-core/packages/dummy_publisher_component)
[8.966s] DEBUG:colcon.colcon_core.event_handler.log_command:Invoked command in '/root/experiments/algorithm_ws/ROS2_build/build/dummy_subscriber_node' returned '0': CMAKE_PREFIX_PATH=${CMAKE_PREFIX_PATH}:/opt/ros/humble /usr/bin/cmake --build /root/experiments/algorithm_ws/ROS2_build/build/dummy_subscriber_node -- -j12 -l12
[8.968s] DEBUG:colcon.colcon_core.event_handler.log_command:Invoking command in '/root/experiments/algorithm_ws/ROS2_build/build/dummy_subscriber_node': CMAKE_PREFIX_PATH=${CMAKE_PREFIX_PATH}:/opt/ros/humble /usr/bin/cmake --install /root/experiments/algorithm_ws/ROS2_build/build/dummy_subscriber_node
[9.063s] DEBUG:colcon.colcon_core.event_handler.log_command:Invoked command in '/root/experiments/algorithm_ws/ROS2_build/build/dummy_subscriber_component' returned '0': CMAKE_PREFIX_PATH=${CMAKE_PREFIX_PATH}:/opt/ros/humble /usr/bin/cmake --build /root/experiments/algorithm_ws/ROS2_build/build/dummy_subscriber_component -- -j12 -l12
[9.064s] DEBUG:colcon.colcon_core.event_handler.log_command:Invoking command in '/root/experiments/algorithm_ws/ROS2_build/build/dummy_subscriber_component': CMAKE_PREFIX_PATH=${CMAKE_PREFIX_PATH}:/opt/ros/humble /usr/bin/cmake --install /root/experiments/algorithm_ws/ROS2_build/build/dummy_subscriber_component
[9.091s] Level 1:colcon.colcon_core.environment:create_environment_scripts_only(dummy_subscriber_node)
[9.091s] Level 1:colcon.colcon_core.environment:checking '/root/experiments/algorithm_ws/ROS2_build/install/dummy_subscriber_node' for CMake module files
[9.092s] DEBUG:colcon.colcon_core.event_handler.log_command:Invoked command in '/root/experiments/algorithm_ws/ROS2_build/build/dummy_subscriber_node' returned '0': CMAKE_PREFIX_PATH=${CMAKE_PREFIX_PATH}:/opt/ros/humble /usr/bin/cmake --install /root/experiments/algorithm_ws/ROS2_build/build/dummy_subscriber_node
[9.092s] Level 1:colcon.colcon_core.environment:checking '/root/experiments/algorithm_ws/ROS2_build/install/dummy_subscriber_node' for CMake config files
[9.093s] Level 1:colcon.colcon_core.shell:create_environment_hook('dummy_subscriber_node', 'cmake_prefix_path')
[9.093s] INFO:colcon.colcon_core.shell:Creating environment hook '/root/experiments/algorithm_ws/ROS2_build/install/dummy_subscriber_node/share/dummy_subscriber_node/hook/cmake_prefix_path.ps1'
[9.094s] INFO:colcon.colcon_core.shell:Creating environment descriptor '/root/experiments/algorithm_ws/ROS2_build/install/dummy_subscriber_node/share/dummy_subscriber_node/hook/cmake_prefix_path.dsv'
[9.094s] INFO:colcon.colcon_core.shell:Creating environment hook '/root/experiments/algorithm_ws/ROS2_build/install/dummy_subscriber_node/share/dummy_subscriber_node/hook/cmake_prefix_path.sh'
[9.095s] Level 1:colcon.colcon_core.environment:checking '/root/experiments/algorithm_ws/ROS2_build/install/dummy_subscriber_node/lib'
[9.095s] Level 1:colcon.colcon_core.environment:checking '/root/experiments/algorithm_ws/ROS2_build/install/dummy_subscriber_node/bin'
[9.095s] Level 1:colcon.colcon_core.environment:checking '/root/experiments/algorithm_ws/ROS2_build/install/dummy_subscriber_node/lib/pkgconfig/dummy_subscriber_node.pc'
[9.095s] Level 1:colcon.colcon_core.environment:checking '/root/experiments/algorithm_ws/ROS2_build/install/dummy_subscriber_node/lib/python3.10/site-packages'
[9.096s] Level 1:colcon.colcon_core.environment:checking '/root/experiments/algorithm_ws/ROS2_build/install/dummy_subscriber_node/bin'
[9.096s] INFO:colcon.colcon_core.shell:Creating package script '/root/experiments/algorithm_ws/ROS2_build/install/dummy_subscriber_node/share/dummy_subscriber_node/package.ps1'
[9.096s] INFO:colcon.colcon_core.shell:Creating package descriptor '/root/experiments/algorithm_ws/ROS2_build/install/dummy_subscriber_node/share/dummy_subscriber_node/package.dsv'
[9.097s] INFO:colcon.colcon_core.shell:Creating package script '/root/experiments/algorithm_ws/ROS2_build/install/dummy_subscriber_node/share/dummy_subscriber_node/package.sh'
[9.097s] INFO:colcon.colcon_core.shell:Creating package script '/root/experiments/algorithm_ws/ROS2_build/install/dummy_subscriber_node/share/dummy_subscriber_node/package.bash'
[9.097s] INFO:colcon.colcon_core.shell:Creating package script '/root/experiments/algorithm_ws/ROS2_build/install/dummy_subscriber_node/share/dummy_subscriber_node/package.zsh'
[9.098s] Level 1:colcon.colcon_core.environment:create_file_with_runtime_dependencies(/root/experiments/algorithm_ws/ROS2_build/install/dummy_subscriber_node/share/colcon-core/packages/dummy_subscriber_node)
[9.099s] Level 1:colcon.colcon_core.environment:create_environment_scripts_only(dummy_subscriber_node)
[9.099s] Level 1:colcon.colcon_core.environment:checking '/root/experiments/algorithm_ws/ROS2_build/install/dummy_subscriber_node' for CMake module files
[9.100s] Level 1:colcon.colcon_core.environment:checking '/root/experiments/algorithm_ws/ROS2_build/install/dummy_subscriber_node' for CMake config files
[9.100s] Level 1:colcon.colcon_core.shell:create_environment_hook('dummy_subscriber_node', 'cmake_prefix_path')
[9.101s] INFO:colcon.colcon_core.shell:Creating environment hook '/root/experiments/algorithm_ws/ROS2_build/install/dummy_subscriber_node/share/dummy_subscriber_node/hook/cmake_prefix_path.ps1'
[9.101s] INFO:colcon.colcon_core.shell:Creating environment descriptor '/root/experiments/algorithm_ws/ROS2_build/install/dummy_subscriber_node/share/dummy_subscriber_node/hook/cmake_prefix_path.dsv'
[9.102s] INFO:colcon.colcon_core.shell:Creating environment hook '/root/experiments/algorithm_ws/ROS2_build/install/dummy_subscriber_node/share/dummy_subscriber_node/hook/cmake_prefix_path.sh'
[9.102s] Level 1:colcon.colcon_core.environment:checking '/root/experiments/algorithm_ws/ROS2_build/install/dummy_subscriber_node/lib'
[9.102s] Level 1:colcon.colcon_core.environment:checking '/root/experiments/algorithm_ws/ROS2_build/install/dummy_subscriber_node/bin'
[9.102s] Level 1:colcon.colcon_core.environment:checking '/root/experiments/algorithm_ws/ROS2_build/install/dummy_subscriber_node/lib/pkgconfig/dummy_subscriber_node.pc'
[9.103s] Level 1:colcon.colcon_core.environment:checking '/root/experiments/algorithm_ws/ROS2_build/install/dummy_subscriber_node/lib/python3.10/site-packages'
[9.103s] Level 1:colcon.colcon_core.environment:checking '/root/experiments/algorithm_ws/ROS2_build/install/dummy_subscriber_node/bin'
[9.103s] INFO:colcon.colcon_core.shell:Creating package script '/root/experiments/algorithm_ws/ROS2_build/install/dummy_subscriber_node/share/dummy_subscriber_node/package.ps1'
[9.104s] INFO:colcon.colcon_core.shell:Creating package descriptor '/root/experiments/algorithm_ws/ROS2_build/install/dummy_subscriber_node/share/dummy_subscriber_node/package.dsv'
[9.104s] INFO:colcon.colcon_core.shell:Creating package script '/root/experiments/algorithm_ws/ROS2_build/install/dummy_subscriber_node/share/dummy_subscriber_node/package.sh'
[9.105s] INFO:colcon.colcon_core.shell:Creating package script '/root/experiments/algorithm_ws/ROS2_build/install/dummy_subscriber_node/share/dummy_subscriber_node/package.bash'
[9.105s] INFO:colcon.colcon_core.shell:Creating package script '/root/experiments/algorithm_ws/ROS2_build/install/dummy_subscriber_node/share/dummy_subscriber_node/package.zsh'
[9.105s] Level 1:colcon.colcon_core.environment:create_file_with_runtime_dependencies(/root/experiments/algorithm_ws/ROS2_build/install/dummy_subscriber_node/share/colcon-core/packages/dummy_subscriber_node)
[9.213s] Level 1:colcon.colcon_core.environment:create_environment_scripts_only(dummy_subscriber_component)
[9.213s] Level 1:colcon.colcon_core.environment:checking '/root/experiments/algorithm_ws/ROS2_build/install/dummy_subscriber_component' for CMake module files
[9.214s] DEBUG:colcon.colcon_core.event_handler.log_command:Invoked command in '/root/experiments/algorithm_ws/ROS2_build/build/dummy_subscriber_component' returned '0': CMAKE_PREFIX_PATH=${CMAKE_PREFIX_PATH}:/opt/ros/humble /usr/bin/cmake --install /root/experiments/algorithm_ws/ROS2_build/build/dummy_subscriber_component
[9.214s] Level 1:colcon.colcon_core.environment:checking '/root/experiments/algorithm_ws/ROS2_build/install/dummy_subscriber_component' for CMake config files
[9.214s] Level 1:colcon.colcon_core.shell:create_environment_hook('dummy_subscriber_component', 'cmake_prefix_path')
[9.214s] INFO:colcon.colcon_core.shell:Creating environment hook '/root/experiments/algorithm_ws/ROS2_build/install/dummy_subscriber_component/share/dummy_subscriber_component/hook/cmake_prefix_path.ps1'
[9.215s] INFO:colcon.colcon_core.shell:Creating environment descriptor '/root/experiments/algorithm_ws/ROS2_build/install/dummy_subscriber_component/share/dummy_subscriber_component/hook/cmake_prefix_path.dsv'
[9.216s] INFO:colcon.colcon_core.shell:Creating environment hook '/root/experiments/algorithm_ws/ROS2_build/install/dummy_subscriber_component/share/dummy_subscriber_component/hook/cmake_prefix_path.sh'
[9.216s] Level 1:colcon.colcon_core.environment:checking '/root/experiments/algorithm_ws/ROS2_build/install/dummy_subscriber_component/lib'
[9.216s] Level 1:colcon.colcon_core.shell:create_environment_hook('dummy_subscriber_component', 'ld_library_path_lib')
[9.216s] INFO:colcon.colcon_core.shell:Creating environment hook '/root/experiments/algorithm_ws/ROS2_build/install/dummy_subscriber_component/share/dummy_subscriber_component/hook/ld_library_path_lib.ps1'
[9.217s] INFO:colcon.colcon_core.shell:Creating environment descriptor '/root/experiments/algorithm_ws/ROS2_build/install/dummy_subscriber_component/share/dummy_subscriber_component/hook/ld_library_path_lib.dsv'
[9.217s] INFO:colcon.colcon_core.shell:Creating environment hook '/root/experiments/algorithm_ws/ROS2_build/install/dummy_subscriber_component/share/dummy_subscriber_component/hook/ld_library_path_lib.sh'
[9.217s] Level 1:colcon.colcon_core.environment:checking '/root/experiments/algorithm_ws/ROS2_build/install/dummy_subscriber_component/bin'
[9.217s] Level 1:colcon.colcon_core.environment:checking '/root/experiments/algorithm_ws/ROS2_build/install/dummy_subscriber_component/lib/pkgconfig/dummy_subscriber_component.pc'
[9.218s] Level 1:colcon.colcon_core.environment:checking '/root/experiments/algorithm_ws/ROS2_build/install/dummy_subscriber_component/lib/python3.10/site-packages'
[9.218s] Level 1:colcon.colcon_core.environment:checking '/root/experiments/algorithm_ws/ROS2_build/install/dummy_subscriber_component/bin'
[9.218s] INFO:colcon.colcon_core.shell:Creating package script '/root/experiments/algorithm_ws/ROS2_build/install/dummy_subscriber_component/share/dummy_subscriber_component/package.ps1'
[9.218s] INFO:colcon.colcon_core.shell:Creating package descriptor '/root/experiments/algorithm_ws/ROS2_build/install/dummy_subscriber_component/share/dummy_subscriber_component/package.dsv'
[9.219s] INFO:colcon.colcon_core.shell:Creating package script '/root/experiments/algorithm_ws/ROS2_build/install/dummy_subscriber_component/share/dummy_subscriber_component/package.sh'
[9.219s] INFO:colcon.colcon_core.shell:Creating package script '/root/experiments/algorithm_ws/ROS2_build/install/dummy_subscriber_component/share/dummy_subscriber_component/package.bash'
[9.219s] INFO:colcon.colcon_core.shell:Creating package script '/root/experiments/algorithm_ws/ROS2_build/install/dummy_subscriber_component/share/dummy_subscriber_component/package.zsh'
[9.220s] Level 1:colcon.colcon_core.environment:create_file_with_runtime_dependencies(/root/experiments/algorithm_ws/ROS2_build/install/dummy_subscriber_component/share/colcon-core/packages/dummy_subscriber_component)
[9.221s] Level 1:colcon.colcon_core.environment:create_environment_scripts_only(dummy_subscriber_component)
[9.221s] Level 1:colcon.colcon_core.environment:checking '/root/experiments/algorithm_ws/ROS2_build/install/dummy_subscriber_component' for CMake module files
[9.222s] Level 1:colcon.colcon_core.environment:checking '/root/experiments/algorithm_ws/ROS2_build/install/dummy_subscriber_component' for CMake config files
[9.222s] Level 1:colcon.colcon_core.shell:create_environment_hook('dummy_subscriber_component', 'cmake_prefix_path')
[9.222s] INFO:colcon.colcon_core.shell:Creating environment hook '/root/experiments/algorithm_ws/ROS2_build/install/dummy_subscriber_component/share/dummy_subscriber_component/hook/cmake_prefix_path.ps1'
[9.222s] INFO:colcon.colcon_core.shell:Creating environment descriptor '/root/experiments/algorithm_ws/ROS2_build/install/dummy_subscriber_component/share/dummy_subscriber_component/hook/cmake_prefix_path.dsv'
[9.223s] INFO:colcon.colcon_core.shell:Creating environment hook '/root/experiments/algorithm_ws/ROS2_build/install/dummy_subscriber_component/share/dummy_subscriber_component/hook/cmake_prefix_path.sh'
[9.223s] Level 1:colcon.colcon_core.environment:checking '/root/experiments/algorithm_ws/ROS2_build/install/dummy_subscriber_component/lib'
[9.223s] Level 1:colcon.colcon_core.shell:create_environment_hook('dummy_subscriber_component', 'ld_library_path_lib')
[9.223s] INFO:colcon.colcon_core.shell:Creating environment hook '/root/experiments/algorithm_ws/ROS2_build/install/dummy_subscriber_component/share/dummy_subscriber_component/hook/ld_library_path_lib.ps1'
[9.224s] INFO:colcon.colcon_core.shell:Creating environment descriptor '/root/experiments/algorithm_ws/ROS2_build/install/dummy_subscriber_component/share/dummy_subscriber_component/hook/ld_library_path_lib.dsv'
[9.224s] INFO:colcon.colcon_core.shell:Creating environment hook '/root/experiments/algorithm_ws/ROS2_build/install/dummy_subscriber_component/share/dummy_subscriber_component/hook/ld_library_path_lib.sh'
[9.224s] Level 1:colcon.colcon_core.environment:checking '/root/experiments/algorithm_ws/ROS2_build/install/dummy_subscriber_component/bin'
[9.224s] Level 1:colcon.colcon_core.environment:checking '/root/experiments/algorithm_ws/ROS2_build/install/dummy_subscriber_component/lib/pkgconfig/dummy_subscriber_component.pc'
[9.225s] Level 1:colcon.colcon_core.environment:checking '/root/experiments/algorithm_ws/ROS2_build/install/dummy_subscriber_component/lib/python3.10/site-packages'
[9.225s] Level 1:colcon.colcon_core.environment:checking '/root/experiments/algorithm_ws/ROS2_build/install/dummy_subscriber_component/bin'
[9.225s] INFO:colcon.colcon_core.shell:Creating package script '/root/experiments/algorithm_ws/ROS2_build/install/dummy_subscriber_component/share/dummy_subscriber_component/package.ps1'
[9.226s] INFO:colcon.colcon_core.shell:Creating package descriptor '/root/experiments/algorithm_ws/ROS2_build/install/dummy_subscriber_component/share/dummy_subscriber_component/package.dsv'
[9.226s] INFO:colcon.colcon_core.shell:Creating package script '/root/experiments/algorithm_ws/ROS2_build/install/dummy_subscriber_component/share/dummy_subscriber_component/package.sh'
[9.226s] INFO:colcon.colcon_core.shell:Creating package script '/root/experiments/algorithm_ws/ROS2_build/install/dummy_subscriber_component/share/dummy_subscriber_component/package.bash'
[9.227s] INFO:colcon.colcon_core.shell:Creating package script '/root/experiments/algorithm_ws/ROS2_build/install/dummy_subscriber_component/share/dummy_subscriber_component/package.zsh'
[9.227s] Level 1:colcon.colcon_core.environment:create_file_with_runtime_dependencies(/root/experiments/algorithm_ws/ROS2_build/install/dummy_subscriber_component/share/colcon-core/packages/dummy_subscriber_component)
[9.227s] DEBUG:colcon.colcon_parallel_executor.executor.parallel:closing loop
[9.228s] DEBUG:colcon.colcon_parallel_executor.executor.parallel:loop closed
[9.228s] DEBUG:colcon.colcon_parallel_executor.executor.parallel:run_until_complete finished with '0'
[9.228s] DEBUG:colcon.colcon_core.event_reactor:joining thread
[9.232s] INFO:colcon.colcon_core.plugin_system:Skipping extension 'colcon_notification.desktop_notification.notify_send': Could not find 'notify-send'
[9.232s] INFO:colcon.colcon_core.plugin_system:Skipping extension 'colcon_notification.desktop_notification.terminal_notifier': Not used on non-Darwin systems
[9.233s] INFO:colcon.colcon_core.plugin_system:Skipping extension 'colcon_notification.desktop_notification.win32': Not used on non-Windows systems
[9.233s] INFO:colcon.colcon_notification.desktop_notification:Sending desktop notification using 'notify2'
[9.235s] DEBUG:colcon.colcon_notification.desktop_notification.notify2:Failed to initialize notify2: org.freedesktop.DBus.Error.Spawn.ExecFailed: /usr/bin/dbus-launch terminated abnormally without any error message
[9.235s] DEBUG:colcon.colcon_core.event_reactor:joined thread
[9.236s] INFO:colcon.colcon_core.shell:Creating prefix script '/root/experiments/algorithm_ws/ROS2_build/install/local_setup.ps1'
[9.237s] INFO:colcon.colcon_core.shell:Creating prefix util module '/root/experiments/algorithm_ws/ROS2_build/install/_local_setup_util_ps1.py'
[9.238s] INFO:colcon.colcon_core.shell:Creating prefix chain script '/root/experiments/algorithm_ws/ROS2_build/install/setup.ps1'
[9.239s] INFO:colcon.colcon_core.shell:Creating prefix script '/root/experiments/algorithm_ws/ROS2_build/install/local_setup.sh'
[9.239s] INFO:colcon.colcon_core.shell:Creating prefix util module '/root/experiments/algorithm_ws/ROS2_build/install/_local_setup_util_sh.py'
[9.240s] INFO:colcon.colcon_core.shell:Creating prefix chain script '/root/experiments/algorithm_ws/ROS2_build/install/setup.sh'
[9.241s] INFO:colcon.colcon_core.shell:Creating prefix script '/root/experiments/algorithm_ws/ROS2_build/install/local_setup.bash'
[9.241s] INFO:colcon.colcon_core.shell:Creating prefix chain script '/root/experiments/algorithm_ws/ROS2_build/install/setup.bash'
[9.242s] INFO:colcon.colcon_core.shell:Creating prefix script '/root/experiments/algorithm_ws/ROS2_build/install/local_setup.zsh'
[9.242s] INFO:colcon.colcon_core.shell:Creating prefix chain script '/root/experiments/algorithm_ws/ROS2_build/install/setup.zsh'
