-- The C compiler identification is GNU 11.4.0
-- The CXX compiler identification is GNU 11.4.0
-- Detecting C compiler ABI info
-- Detecting C compiler ABI info - done
-- Check for working C compiler: /usr/bin/cc - skipped
-- Detecting C compile features
-- Detecting C compile features - done
-- Detecting CXX compiler ABI info
-- Detecting CXX compiler ABI info - done
-- Check for working CXX compiler: /usr/bin/c++ - skipped
-- Detecting CXX compile features
-- Detecting CXX compile features - done
-- Found ament_cmake: 1.3.11 (/opt/ros/humble/share/ament_cmake/cmake)
-- Found Python3: /usr/bin/python3 (found version "3.10.12") found components: Interpreter 
-- Override CMake install command with custom implementation using symlinks instead of copying resources
-- Found rclcpp: 16.0.12 (/opt/ros/humble/share/rclcpp/cmake)
-- Found rosidl_generator_c: 3.1.6 (/opt/ros/humble/share/rosidl_generator_c/cmake)
-- Found rosidl_adapter: 3.1.6 (/opt/ros/humble/share/rosidl_adapter/cmake)
-- Found rosidl_generator_cpp: 3.1.6 (/opt/ros/humble/share/rosidl_generator_cpp/cmake)
-- Using all available rosidl_typesupport_c: rosidl_typesupport_fastrtps_c;rosidl_typesupport_introspection_c
-- Using all available rosidl_typesupport_cpp: rosidl_typesupport_fastrtps_cpp;rosidl_typesupport_introspection_cpp
-- Found rmw_implementation_cmake: 6.1.2 (/opt/ros/humble/share/rmw_implementation_cmake/cmake)
-- Found rmw_fastrtps_cpp: 6.2.7 (/opt/ros/humble/share/rmw_fastrtps_cpp/cmake)
-- Found OpenSSL: /usr/lib/x86_64-linux-gnu/libcrypto.so (found version "3.0.2")  
-- Found FastRTPS: /opt/ros/humble/include  
-- Using RMW implementation 'rmw_fastrtps_cpp' as default
-- Looking for pthread.h
-- Looking for pthread.h - found
-- Performing Test CMAKE_HAVE_LIBC_PTHREAD
-- Performing Test CMAKE_HAVE_LIBC_PTHREAD - Success
-- Found Threads: TRUE  
-- Found rclcpp_components: 16.0.12 (/opt/ros/humble/share/rclcpp_components/cmake)
-- Configuring done
-- Generating done
-- Build files have been written to: /root/experiments/algorithm_ws/ROS2_build/build/dummy_publisher_component
[ 50%] [32mBuilding CXX object CMakeFiles/dummy_publisher.dir/src/dummy_publisher_component.cpp.o[0m
[100%] [32m[1mLinking CXX shared library libdummy_publisher.so[0m
[100%] Built target dummy_publisher
-- Install configuration: ""
-- Execute custom install script
-- Symlinking: /root/experiments/algorithm_ws/ROS2_build/install/dummy_publisher_component/lib/libdummy_publisher.so
-- Symlinking: /root/experiments/algorithm_ws/ROS2_build/install/dummy_publisher_component/include/dummy_publisher/dummy_publisher_component.hpp
-- Symlinking: /root/experiments/algorithm_ws/ROS2_build/install/dummy_publisher_component/share/dummy_publisher_component/dummy_publisher.launch.py
-- Symlinking: /root/experiments/algorithm_ws/ROS2_build/install/dummy_publisher_component/share/ament_index/resource_index/package_run_dependencies/dummy_publisher_component
-- Symlinking: /root/experiments/algorithm_ws/ROS2_build/install/dummy_publisher_component/share/ament_index/resource_index/parent_prefix_path/dummy_publisher_component
-- Symlinking: /root/experiments/algorithm_ws/ROS2_build/install/dummy_publisher_component/share/dummy_publisher_component/environment/ament_prefix_path.sh
-- Symlinking: /root/experiments/algorithm_ws/ROS2_build/install/dummy_publisher_component/share/dummy_publisher_component/environment/ament_prefix_path.dsv
-- Symlinking: /root/experiments/algorithm_ws/ROS2_build/install/dummy_publisher_component/share/dummy_publisher_component/environment/path.sh
-- Symlinking: /root/experiments/algorithm_ws/ROS2_build/install/dummy_publisher_component/share/dummy_publisher_component/environment/path.dsv
-- Symlinking: /root/experiments/algorithm_ws/ROS2_build/install/dummy_publisher_component/share/dummy_publisher_component/local_setup.bash
-- Symlinking: /root/experiments/algorithm_ws/ROS2_build/install/dummy_publisher_component/share/dummy_publisher_component/local_setup.sh
-- Symlinking: /root/experiments/algorithm_ws/ROS2_build/install/dummy_publisher_component/share/dummy_publisher_component/local_setup.zsh
-- Symlinking: /root/experiments/algorithm_ws/ROS2_build/install/dummy_publisher_component/share/dummy_publisher_component/local_setup.dsv
-- Symlinking: /root/experiments/algorithm_ws/ROS2_build/install/dummy_publisher_component/share/dummy_publisher_component/package.dsv
-- Symlinking: /root/experiments/algorithm_ws/ROS2_build/install/dummy_publisher_component/share/ament_index/resource_index/packages/dummy_publisher_component
-- Symlinking: /root/experiments/algorithm_ws/ROS2_build/install/dummy_publisher_component/share/ament_index/resource_index/rclcpp_components/dummy_publisher_component
-- Symlinking: /root/experiments/algorithm_ws/ROS2_build/install/dummy_publisher_component/share/dummy_publisher_component/cmake/dummy_publisher_componentConfig.cmake
-- Symlinking: /root/experiments/algorithm_ws/ROS2_build/install/dummy_publisher_component/share/dummy_publisher_component/cmake/dummy_publisher_componentConfig-version.cmake
-- Symlinking: /root/experiments/algorithm_ws/ROS2_build/install/dummy_publisher_component/share/dummy_publisher_component/package.xml
