[0.038s] Invoking command in '/root/experiments/algorithm_ws/ROS2_build/build/dummy_publisher_component': CMAKE_PREFIX_PATH=${CMAKE_PREFIX_PATH}:/opt/ros/humble /usr/bin/cmake /root/experiments/algorithm_ws/ROS2_build/src/topic/dummy_publisher_component -DAMENT_CMAKE_SYMLINK_INSTALL=1 -DCMAKE_INSTALL_PREFIX=/root/experiments/algorithm_ws/ROS2_build/install/dummy_publisher_component
[0.079s] -- The C compiler identification is GNU 11.4.0
[0.132s] -- The CXX compiler identification is GNU 11.4.0
[0.140s] -- Detecting C compiler ABI info
[0.199s] -- Detecting C compiler ABI info - done
[0.205s] -- Check for working C compiler: /usr/bin/cc - skipped
[0.206s] -- Detecting C compile features
[0.206s] -- Detecting C compile features - done
[0.210s] -- Detecting CXX compiler ABI info
[0.280s] -- Detecting CXX compiler ABI info - done
[0.286s] -- Check for working CXX compiler: /usr/bin/c++ - skipped
[0.286s] -- Detecting CXX compile features
[0.287s] -- Detecting CXX compile features - done
[0.289s] -- Found ament_cmake: 1.3.11 (/opt/ros/humble/share/ament_cmake/cmake)
[0.426s] -- Found Python3: /usr/bin/python3 (found version "3.10.12") found components: Interpreter 
[0.485s] -- Override CMake install command with custom implementation using symlinks instead of copying resources
[0.511s] -- Found rclcpp: 16.0.12 (/opt/ros/humble/share/rclcpp/cmake)
[0.548s] -- Found rosidl_generator_c: 3.1.6 (/opt/ros/humble/share/rosidl_generator_c/cmake)
[0.552s] -- Found rosidl_adapter: 3.1.6 (/opt/ros/humble/share/rosidl_adapter/cmake)
[0.559s] -- Found rosidl_generator_cpp: 3.1.6 (/opt/ros/humble/share/rosidl_generator_cpp/cmake)
[0.569s] -- Using all available rosidl_typesupport_c: rosidl_typesupport_fastrtps_c;rosidl_typesupport_introspection_c
[0.582s] -- Using all available rosidl_typesupport_cpp: rosidl_typesupport_fastrtps_cpp;rosidl_typesupport_introspection_cpp
[0.617s] -- Found rmw_implementation_cmake: 6.1.2 (/opt/ros/humble/share/rmw_implementation_cmake/cmake)
[0.619s] -- Found rmw_fastrtps_cpp: 6.2.7 (/opt/ros/humble/share/rmw_fastrtps_cpp/cmake)
[0.681s] -- Found OpenSSL: /usr/lib/x86_64-linux-gnu/libcrypto.so (found version "3.0.2")  
[0.702s] -- Found FastRTPS: /opt/ros/humble/include  
[0.741s] -- Using RMW implementation 'rmw_fastrtps_cpp' as default
[0.749s] -- Looking for pthread.h
[0.808s] -- Looking for pthread.h - found
[0.808s] -- Performing Test CMAKE_HAVE_LIBC_PTHREAD
[0.867s] -- Performing Test CMAKE_HAVE_LIBC_PTHREAD - Success
[0.868s] -- Found Threads: TRUE  
[0.914s] -- Found rclcpp_components: 16.0.12 (/opt/ros/humble/share/rclcpp_components/cmake)
[1.006s] -- Configuring done
[1.016s] -- Generating done
[1.021s] -- Build files have been written to: /root/experiments/algorithm_ws/ROS2_build/build/dummy_publisher_component
[1.029s] Invoked command in '/root/experiments/algorithm_ws/ROS2_build/build/dummy_publisher_component' returned '0': CMAKE_PREFIX_PATH=${CMAKE_PREFIX_PATH}:/opt/ros/humble /usr/bin/cmake /root/experiments/algorithm_ws/ROS2_build/src/topic/dummy_publisher_component -DAMENT_CMAKE_SYMLINK_INSTALL=1 -DCMAKE_INSTALL_PREFIX=/root/experiments/algorithm_ws/ROS2_build/install/dummy_publisher_component
[1.030s] Invoking command in '/root/experiments/algorithm_ws/ROS2_build/build/dummy_publisher_component': CMAKE_PREFIX_PATH=${CMAKE_PREFIX_PATH}:/opt/ros/humble /usr/bin/cmake --build /root/experiments/algorithm_ws/ROS2_build/build/dummy_publisher_component -- -j12 -l12
[1.065s] [ 50%] [32mBuilding CXX object CMakeFiles/dummy_publisher.dir/src/dummy_publisher_component.cpp.o[0m
[5.476s] [100%] [32m[1mLinking CXX shared library libdummy_publisher.so[0m
[5.667s] [100%] Built target dummy_publisher
[5.677s] Invoked command in '/root/experiments/algorithm_ws/ROS2_build/build/dummy_publisher_component' returned '0': CMAKE_PREFIX_PATH=${CMAKE_PREFIX_PATH}:/opt/ros/humble /usr/bin/cmake --build /root/experiments/algorithm_ws/ROS2_build/build/dummy_publisher_component -- -j12 -l12
[5.679s] Invoking command in '/root/experiments/algorithm_ws/ROS2_build/build/dummy_publisher_component': CMAKE_PREFIX_PATH=${CMAKE_PREFIX_PATH}:/opt/ros/humble /usr/bin/cmake --install /root/experiments/algorithm_ws/ROS2_build/build/dummy_publisher_component
[5.684s] -- Install configuration: ""
[5.684s] -- Execute custom install script
[5.686s] -- Symlinking: /root/experiments/algorithm_ws/ROS2_build/install/dummy_publisher_component/lib/libdummy_publisher.so
[5.695s] -- Symlinking: /root/experiments/algorithm_ws/ROS2_build/install/dummy_publisher_component/include/dummy_publisher/dummy_publisher_component.hpp
[5.706s] -- Symlinking: /root/experiments/algorithm_ws/ROS2_build/install/dummy_publisher_component/share/dummy_publisher_component/dummy_publisher.launch.py
[5.715s] -- Symlinking: /root/experiments/algorithm_ws/ROS2_build/install/dummy_publisher_component/share/ament_index/resource_index/package_run_dependencies/dummy_publisher_component
[5.727s] -- Symlinking: /root/experiments/algorithm_ws/ROS2_build/install/dummy_publisher_component/share/ament_index/resource_index/parent_prefix_path/dummy_publisher_component
[5.735s] -- Symlinking: /root/experiments/algorithm_ws/ROS2_build/install/dummy_publisher_component/share/dummy_publisher_component/environment/ament_prefix_path.sh
[5.743s] -- Symlinking: /root/experiments/algorithm_ws/ROS2_build/install/dummy_publisher_component/share/dummy_publisher_component/environment/ament_prefix_path.dsv
[5.753s] -- Symlinking: /root/experiments/algorithm_ws/ROS2_build/install/dummy_publisher_component/share/dummy_publisher_component/environment/path.sh
[5.760s] -- Symlinking: /root/experiments/algorithm_ws/ROS2_build/install/dummy_publisher_component/share/dummy_publisher_component/environment/path.dsv
[5.769s] -- Symlinking: /root/experiments/algorithm_ws/ROS2_build/install/dummy_publisher_component/share/dummy_publisher_component/local_setup.bash
[5.776s] -- Symlinking: /root/experiments/algorithm_ws/ROS2_build/install/dummy_publisher_component/share/dummy_publisher_component/local_setup.sh
[5.787s] -- Symlinking: /root/experiments/algorithm_ws/ROS2_build/install/dummy_publisher_component/share/dummy_publisher_component/local_setup.zsh
[5.794s] -- Symlinking: /root/experiments/algorithm_ws/ROS2_build/install/dummy_publisher_component/share/dummy_publisher_component/local_setup.dsv
[5.801s] -- Symlinking: /root/experiments/algorithm_ws/ROS2_build/install/dummy_publisher_component/share/dummy_publisher_component/package.dsv
[5.825s] -- Symlinking: /root/experiments/algorithm_ws/ROS2_build/install/dummy_publisher_component/share/ament_index/resource_index/packages/dummy_publisher_component
[5.826s] -- Symlinking: /root/experiments/algorithm_ws/ROS2_build/install/dummy_publisher_component/share/ament_index/resource_index/rclcpp_components/dummy_publisher_component
[5.829s] -- Symlinking: /root/experiments/algorithm_ws/ROS2_build/install/dummy_publisher_component/share/dummy_publisher_component/cmake/dummy_publisher_componentConfig.cmake
[5.837s] -- Symlinking: /root/experiments/algorithm_ws/ROS2_build/install/dummy_publisher_component/share/dummy_publisher_component/cmake/dummy_publisher_componentConfig-version.cmake
[5.846s] -- Symlinking: /root/experiments/algorithm_ws/ROS2_build/install/dummy_publisher_component/share/dummy_publisher_component/package.xml
[5.857s] Invoked command in '/root/experiments/algorithm_ws/ROS2_build/build/dummy_publisher_component' returned '0': CMAKE_PREFIX_PATH=${CMAKE_PREFIX_PATH}:/opt/ros/humble /usr/bin/cmake --install /root/experiments/algorithm_ws/ROS2_build/build/dummy_publisher_component
