Not searching for unused variables given on the command line.
[36m--[0m The C compiler identification is Clang 13.0.1
[36m--[0m The CXX compiler identification is Clang 13.0.1
[36m--[0m Detecting C compiler ABI info
[36m--[0m Detecting C compiler ABI info - done
[36m--[0m Check for working C compiler: /Users/yeontaemin/opt/miniconda3/envs/robostackenv/bin/x86_64-apple-darwin13.4.0-clang - skipped
[36m--[0m Detecting C compile features
[36m--[0m Detecting C compile features - done
[36m--[0m Detecting CXX compiler ABI info
[36m--[0m Detecting CXX compiler ABI info - done
[36m--[0m Check for working CXX compiler: /Users/yeontaemin/opt/miniconda3/envs/robostackenv/bin/x86_64-apple-darwin13.4.0-clang++ - skipped
[36m--[0m Detecting CXX compile features
[36m--[0m Detecting CXX compile features - done
[36m--[0m Using CATKIN_DEVEL_PREFIX: /Users/yeontaemin/github/algorithm_ws/devel/.private/AMCL
[36m--[0m Using CMAKE_PREFIX_PATH: /Users/yeontaemin/github/algorithm_ws/devel;/Users/yeontaemin/opt/miniconda3/envs/robostackenv;/usr/local/opt/qt
[36m--[0m This workspace overlays: /Users/yeontaemin/github/algorithm_ws/devel;/Users/yeontaemin/opt/miniconda3/envs/robostackenv
[36m--[0m Found PythonInterp: /Users/yeontaemin/opt/miniconda3/envs/robostackenv/bin/python3.9 (found suitable version "3.9.13", minimum required is "3.9")
[36m--[0m Using PYTHON_EXECUTABLE: /Users/yeontaemin/opt/miniconda3/envs/robostackenv/bin/python3.9
[36m--[0m Using default Python package layout
[36m--[0m Found PY_em: /Users/yeontaemin/opt/miniconda3/envs/robostackenv/lib/python3.9/site-packages/em.py
[36m--[0m Using empy: /Users/yeontaemin/opt/miniconda3/envs/robostackenv/lib/python3.9/site-packages/em.py
[36m--[0m Using CATKIN_ENABLE_TESTING: ON
[36m--[0m Call enable_testing()
[36m--[0m Using CATKIN_TEST_RESULTS_DIR: /Users/yeontaemin/github/algorithm_ws/build/AMCL/test_results
[36m--[0m Found gtest: gtests will be built
[36m--[0m Using Python nosetests: /Users/yeontaemin/opt/miniconda3/envs/robostackenv/bin/nosetests-3.9
[36m--[0m catkin 0.8.10
[36m--[0m BUILD_SHARED_LIBS is on
[36m--[0m Using these message generators: gencpp;geneus;genlisp;gennodejs;genpy
[33mWARNING: Package name "AMCL" does not follow the naming conventions. It should start with a lower case letter and only contain lower case letters, digits, underscores, and dashes.[0m
[31mCMake Error at /Users/yeontaemin/opt/miniconda3/envs/robostackenv/share/catkin/cmake/catkin_package.cmake:316 (message):
  catkin_package() include dir 'include' does not exist relative to
  '/Users/yeontaemin/github/algorithm_ws/src/ROS/C++/AMCL'
[36mCall Stack (most recent call first):[0m
  /Users/yeontaemin/opt/miniconda3/envs/robostackenv/share/catkin/cmake/catkin_package.cmake:102 (_catkin_package)
  CMakeLists.txt:17 (catkin_package)

[0m
[36m--[0m Configuring incomplete, errors occurred!
See also "/Users/yeontaemin/github/algorithm_ws/build/AMCL/CMakeFiles/CMakeOutput.log".
