[1m/Users/yeontaemin/github/algorithm_ws/src/Practice/C_function/src/for_loop.cpp:15:13: [0m[0;1;31merror: [0m[1mredefinition of 'st'[0m
    clock_t st = clock();
[0;1;32m            ^
[0m[1m/Users/yeontaemin/github/algorithm_ws/src/Practice/C_function/src/for_loop.cpp:8:13: [0m[0;1;30mnote: [0mprevious definition is here[0m
    clock_t st = clock();
[0;1;32m            ^
[0m[1m/Users/yeontaemin/github/algorithm_ws/src/Practice/C_function/src/for_loop.cpp:20:13: [0m[0;1;31merror: [0m[1mredefinition of 'end'[0m
    clock_t end = clock();
[0;1;32m            ^
[0m[1m/Users/yeontaemin/github/algorithm_ws/src/Practice/C_function/src/for_loop.cpp:12:13: [0m[0;1;30mnote: [0mprevious definition is here[0m
    clock_t end = clock();
[0;1;32m            ^
[0m[1m/Users/yeontaemin/github/algorithm_ws/src/Practice/C_function/src/for_loop.cpp:21:30: [0m[0;1;31merror: [0m[1mreference to overloaded function could not be resolved; did you mean to call it?[0m
    std::cout << end - st << std::end;
[0;1;32m                             ^~~~~~~~
[0m[1m/Users/yeontaemin/opt/miniconda3/envs/robostackenv/bin/../include/c++/v1/initializer_list:108:1: [0m[0;1;30mnote: [0mpossible target for call[0m
end(initializer_list<_Ep> __il) _NOEXCEPT
[0;1;32m^
[0m[1m/Users/yeontaemin/opt/miniconda3/envs/robostackenv/bin/../include/c++/v1/__iterator/access.h:33:1: [0m[0;1;30mnote: [0mpossible target for call[0m
end(_Tp (&__array)[_Np])
[0;1;32m^
[0m[1m/Users/yeontaemin/opt/miniconda3/envs/robostackenv/bin/../include/c++/v1/__iterator/access.h:59:1: [0m[0;1;30mnote: [0mpossible target for call[0m
end(_Cp& __c) -> decltype(__c.end())
[0;1;32m^
[0m[1m/Users/yeontaemin/opt/miniconda3/envs/robostackenv/bin/../include/c++/v1/__iterator/access.h:67:1: [0m[0;1;30mnote: [0mpossible target for call[0m
end(const _Cp& __c) -> decltype(__c.end())
[0;1;32m^
[0m[1m/Users/yeontaemin/opt/miniconda3/envs/robostackenv/bin/../include/c++/v1/ostream:749:1: [0m[0;1;30mnote: [0mcandidate function [with _CharT = char, _Traits = std::char_traits<char>] not viable: no overload of 'end' matching 'char' for 2nd argument[0m
operator<<(basic_ostream<_CharT, _Traits>& __os, _CharT __c)
[0;1;32m^
[0m[1m/Users/yeontaemin/opt/miniconda3/envs/robostackenv/bin/../include/c++/v1/ostream:756:1: [0m[0;1;30mnote: [0mcandidate function template not viable: no overload of 'end' matching 'char' for 2nd argument[0m
operator<<(basic_ostream<_CharT, _Traits>& __os, char __cn)
[0;1;32m^
[0m[1m/Users/yeontaemin/opt/miniconda3/envs/robostackenv/bin/../include/c++/v1/ostream:789:1: [0m[0;1;30mnote: [0mcandidate function template not viable: no overload of 'end' matching 'char' for 2nd argument[0m
operator<<(basic_ostream<char, _Traits>& __os, char __c)
[0;1;32m^
[0m[1m/Users/yeontaemin/opt/miniconda3/envs/robostackenv/bin/../include/c++/v1/ostream:796:1: [0m[0;1;30mnote: [0mcandidate function template not viable: no overload of 'end' matching 'signed char' for 2nd argument[0m
operator<<(basic_ostream<char, _Traits>& __os, signed char __c)
[0;1;32m^
[0m[1m/Users/yeontaemin/opt/miniconda3/envs/robostackenv/bin/../include/c++/v1/ostream:803:1: [0m[0;1;30mnote: [0mcandidate function template not viable: no overload of 'end' matching 'unsigned char' for 2nd argument[0m
operator<<(basic_ostream<char, _Traits>& __os, unsigned char __c)
[0;1;32m^
[0m[1m/Users/yeontaemin/opt/miniconda3/envs/robostackenv/bin/../include/c++/v1/ostream:810:1: [0m[0;1;30mnote: [0mcandidate function [with _CharT = char, _Traits = std::char_traits<char>] not viable: no overload of 'end' matching 'const char *' for 2nd argument[0m
operator<<(basic_ostream<_CharT, _Traits>& __os, const _CharT* __str)
[0;1;32m^
[0m[1m/Users/yeontaemin/opt/miniconda3/envs/robostackenv/bin/../include/c++/v1/ostream:817:1: [0m[0;1;30mnote: [0mcandidate function template not viable: no overload of 'end' matching 'const char *' for 2nd argument[0m
operator<<(basic_ostream<_CharT, _Traits>& __os, const char* __strn)
[0;1;32m^
[0m[1m/Users/yeontaemin/opt/miniconda3/envs/robostackenv/bin/../include/c++/v1/ostream:863:1: [0m[0;1;30mnote: [0mcandidate function template not viable: no overload of 'end' matching 'const char *' for 2nd argument[0m
operator<<(basic_ostream<char, _Traits>& __os, const char* __str)
[0;1;32m^
[0m[1m/Users/yeontaemin/opt/miniconda3/envs/robostackenv/bin/../include/c++/v1/ostream:870:1: [0m[0;1;30mnote: [0mcandidate function template not viable: no overload of 'end' matching 'const signed char *' for 2nd argument[0m
operator<<(basic_ostream<char, _Traits>& __os, const signed char* __str)
[0;1;32m^
[0m[1m/Users/yeontaemin/opt/miniconda3/envs/robostackenv/bin/../include/c++/v1/ostream:878:1: [0m[0;1;30mnote: [0mcandidate function template not viable: no overload of 'end' matching 'const unsigned char *' for 2nd argument[0m
operator<<(basic_ostream<char, _Traits>& __os, const unsigned char* __str)
[0;1;32m^
[0m[1m/Users/yeontaemin/opt/miniconda3/envs/robostackenv/bin/../include/c++/v1/ostream:1054:1: [0m[0;1;30mnote: [0mcandidate function [with _CharT = char, _Traits = std::char_traits<char>] not viable: no overload of 'end' matching 'basic_string_view<char, std::char_traits<char>>' for 2nd argument[0m
operator<<(basic_ostream<_CharT, _Traits>& __os,
[0;1;32m^
[0m[1m/Users/yeontaemin/opt/miniconda3/envs/robostackenv/bin/../include/c++/v1/ostream:1063:1: [0m[0;1;30mnote: [0mcandidate function template not viable: no overload of 'end' matching 'const std::error_code' for 2nd argument[0m
operator<<(basic_ostream<_CharT, _Traits>& __os, const error_code& __ec)
[0;1;32m^
[0m[1m/Users/yeontaemin/opt/miniconda3/envs/robostackenv/bin/../include/c++/v1/__random/uniform_int_distribution.h:256:1: [0m[0;1;30mnote: [0mcandidate template ignored: couldn't infer template argument '_IT'[0m
operator<<(basic_ostream<_CharT, _Traits>& __os,
[0;1;32m^
[0m[1m/Users/yeontaemin/opt/miniconda3/envs/robostackenv/bin/../include/c++/v1/ostream:1038:11: [0m[0;1;30mnote: [0mcandidate template ignored: couldn't infer template argument '_Tp'[0m
_Stream&& operator<<(_Stream&& __os, const _Tp& __x)
[0;1;32m          ^
[0m[1m/Users/yeontaemin/opt/miniconda3/envs/robostackenv/bin/../include/c++/v1/ostream:1046:1: [0m[0;1;30mnote: [0mcandidate template ignored: couldn't infer template argument '_Allocator'[0m
operator<<(basic_ostream<_CharT, _Traits>& __os,
[0;1;32m^
[0m[1m/Users/yeontaemin/opt/miniconda3/envs/robostackenv/bin/../include/c++/v1/ostream:1071:1: [0m[0;1;30mnote: [0mcandidate template ignored: couldn't infer template argument '_Yp'[0m
operator<<(basic_ostream<_CharT, _Traits>& __os, shared_ptr<_Yp> const& __p)
[0;1;32m^
[0m[1m/Users/yeontaemin/opt/miniconda3/envs/robostackenv/bin/../include/c++/v1/ostream:1083:1: [0m[0;1;30mnote: [0mcandidate template ignored: couldn't infer template argument '_Yp'[0m
operator<<(basic_ostream<_CharT, _Traits>& __os, unique_ptr<_Yp, _Dp> const& __p)
[0;1;32m^
[0m[1m/Users/yeontaemin/opt/miniconda3/envs/robostackenv/bin/../include/c++/v1/ostream:1090:1: [0m[0;1;30mnote: [0mcandidate template ignored: couldn't infer template argument '_Size'[0m
operator<<(basic_ostream<_CharT, _Traits>& __os, const bitset<_Size>& __x)
[0;1;32m^
[0m[1m/Users/yeontaemin/opt/miniconda3/envs/robostackenv/bin/../include/c++/v1/ostream:189:20: [0m[0;1;30mnote: [0mcandidate function not viable: no overload of 'end' matching 'std::ostream &(*)(std::ostream &)' for 1st argument[0m
    basic_ostream& operator<<(basic_ostream& (*__pf)(basic_ostream&))
[0;1;32m                   ^
[0m[1m/Users/yeontaemin/opt/miniconda3/envs/robostackenv/bin/../include/c++/v1/ostream:193:20: [0m[0;1;30mnote: [0mcandidate function not viable: no overload of 'end' matching 'basic_ios<std::basic_ostream<char>::char_type, std::basic_ostream<char>::traits_type> &(*)(basic_ios<std::basic_ostream<char>::char_type, std::basic_ostream<char>::traits_type> &)' (aka 'basic_ios<char, std::char_traits<char>> &(*)(basic_ios<char, std::char_traits<char>> &)') for 1st argument[0m
    basic_ostream& operator<<(basic_ios<char_type, traits_type>&
[0;1;32m                   ^
[0m[1m/Users/yeontaemin/opt/miniconda3/envs/robostackenv/bin/../include/c++/v1/ostream:198:20: [0m[0;1;30mnote: [0mcandidate function not viable: no overload of 'end' matching 'std::ios_base &(*)(std::ios_base &)' for 1st argument[0m
    basic_ostream& operator<<(ios_base& (*__pf)(ios_base&))
[0;1;32m                   ^
[0m[1m/Users/yeontaemin/opt/miniconda3/envs/robostackenv/bin/../include/c++/v1/ostream:201:20: [0m[0;1;30mnote: [0mcandidate function not viable: no overload of 'end' matching 'bool' for 1st argument[0m
    basic_ostream& operator<<(bool __n);
[0;1;32m                   ^
[0m[1m/Users/yeontaemin/opt/miniconda3/envs/robostackenv/bin/../include/c++/v1/ostream:202:20: [0m[0;1;30mnote: [0mcandidate function not viable: no overload of 'end' matching 'short' for 1st argument[0m
    basic_ostream& operator<<(short __n);
[0;1;32m                   ^
[0m[1m/Users/yeontaemin/opt/miniconda3/envs/robostackenv/bin/../include/c++/v1/ostream:203:20: [0m[0;1;30mnote: [0mcandidate function not viable: no overload of 'end' matching 'unsigned short' for 1st argument[0m
    basic_ostream& operator<<(unsigned short __n);
[0;1;32m                   ^
[0m[1m/Users/yeontaemin/opt/miniconda3/envs/robostackenv/bin/../include/c++/v1/ostream:204:20: [0m[0;1;30mnote: [0mcandidate function not viable: no overload of 'end' matching 'int' for 1st argument[0m
    basic_ostream& operator<<(int __n);
[0;1;32m                   ^
[0m[1m/Users/yeontaemin/opt/miniconda3/envs/robostackenv/bin/../include/c++/v1/ostream:205:20: [0m[0;1;30mnote: [0mcandidate function not viable: no overload of 'end' matching 'unsigned int' for 1st argument[0m
    basic_ostream& operator<<(unsigned int __n);
[0;1;32m                   ^
[0m[1m/Users/yeontaemin/opt/miniconda3/envs/robostackenv/bin/../include/c++/v1/ostream:206:20: [0m[0;1;30mnote: [0mcandidate function not viable: no overload of 'end' matching 'long' for 1st argument[0m
    basic_ostream& operator<<(long __n);
[0;1;32m                   ^
[0m[1m/Users/yeontaemin/opt/miniconda3/envs/robostackenv/bin/../include/c++/v1/ostream:207:20: [0m[0;1;30mnote: [0mcandidate function not viable: no overload of 'end' matching 'unsigned long' for 1st argument[0m
    basic_ostream& operator<<(unsigned long __n);
[0;1;32m                   ^
[0m[1m/Users/yeontaemin/opt/miniconda3/envs/robostackenv/bin/../include/c++/v1/ostream:208:20: [0m[0;1;30mnote: [0mcandidate function not viable: no overload of 'end' matching 'long long' for 1st argument[0m
    basic_ostream& operator<<(long long __n);
[0;1;32m                   ^
[0m[1m/Users/yeontaemin/opt/miniconda3/envs/robostackenv/bin/../include/c++/v1/ostream:209:20: [0m[0;1;30mnote: [0mcandidate function not viable: no overload of 'end' matching 'unsigned long long' for 1st argument[0m
    basic_ostream& operator<<(unsigned long long __n);
[0;1;32m                   ^
[0m[1m/Users/yeontaemin/opt/miniconda3/envs/robostackenv/bin/../include/c++/v1/ostream:210:20: [0m[0;1;30mnote: [0mcandidate function not viable: no overload of 'end' matching 'float' for 1st argument[0m
    basic_ostream& operator<<(float __f);
[0;1;32m                   ^
[0m[1m/Users/yeontaemin/opt/miniconda3/envs/robostackenv/bin/../include/c++/v1/ostream:211:20: [0m[0;1;30mnote: [0mcandidate function not viable: no overload of 'end' matching 'double' for 1st argument[0m
    basic_ostream& operator<<(double __f);
[0;1;32m                   ^
[0m[1m/Users/yeontaemin/opt/miniconda3/envs/robostackenv/bin/../include/c++/v1/ostream:212:20: [0m[0;1;30mnote: [0mcandidate function not viable: no overload of 'end' matching 'long double' for 1st argument[0m
    basic_ostream& operator<<(long double __f);
[0;1;32m                   ^
[0m[1m/Users/yeontaemin/opt/miniconda3/envs/robostackenv/bin/../include/c++/v1/ostream:213:20: [0m[0;1;30mnote: [0mcandidate function not viable: no overload of 'end' matching 'const void *' for 1st argument[0m
    basic_ostream& operator<<(const void* __p);
[0;1;32m                   ^
[0m[1m/Users/yeontaemin/opt/miniconda3/envs/robostackenv/bin/../include/c++/v1/ostream:222:20: [0m[0;1;30mnote: [0mcandidate function not viable: no overload of 'end' matching 'basic_streambuf<std::basic_ostream<char>::char_type, std::basic_ostream<char>::traits_type> *' (aka 'basic_streambuf<char, std::char_traits<char>> *') for 1st argument[0m
    basic_ostream& operator<<(basic_streambuf<char_type, traits_type>* __sb);
[0;1;32m                   ^
[0m[1m/Users/yeontaemin/opt/miniconda3/envs/robostackenv/bin/../include/c++/v1/ostream:225:20: [0m[0;1;30mnote: [0mcandidate function not viable: no overload of 'end' matching 'std::nullptr_t' (aka 'nullptr_t') for 1st argument[0m
    basic_ostream& operator<<(nullptr_t)
[0;1;32m                   ^
[0m3 errors generated.
make[2]: *** [CMakeFiles/C_function.dir/build.make:76: CMakeFiles/C_function.dir/src/for_loop.cpp.o] Error 1
make[1]: *** [CMakeFiles/Makefile2:637: CMakeFiles/C_function.dir/all] Error 2
make: *** [Makefile:146: all] Error 2
