Determining if the pthread_create exist failed with the following output:
Change Dir: /home/cona/algorithm_ws/build/CMakeFiles/CMakeTmp

Run Build Command:"/usr/bin/make" "cmTC_8463f/fast"
/usr/bin/make -f CMakeFiles/cmTC_8463f.dir/build.make CMakeFiles/cmTC_8463f.dir/build
make[1]: Entering directory '/home/cona/algorithm_ws/build/CMakeFiles/CMakeTmp'
Building C object CMakeFiles/cmTC_8463f.dir/CheckSymbolExists.c.o
/usr/bin/cc    -o CMakeFiles/cmTC_8463f.dir/CheckSymbolExists.c.o   -c /home/cona/algorithm_ws/build/CMakeFiles/CMakeTmp/CheckSymbolExists.c
Linking C executable cmTC_8463f
/usr/bin/cmake -E cmake_link_script CMakeFiles/cmTC_8463f.dir/link.txt --verbose=1
/usr/bin/cc      -rdynamic CMakeFiles/cmTC_8463f.dir/CheckSymbolExists.c.o  -o cmTC_8463f 
CMakeFiles/cmTC_8463f.dir/CheckSymbolExists.c.o: In function `main':
CheckSymbolExists.c:(.text+0x1b): undefined reference to `pthread_create'
collect2: error: ld returned 1 exit status
CMakeFiles/cmTC_8463f.dir/build.make:97: recipe for target 'cmTC_8463f' failed
make[1]: *** [cmTC_8463f] Error 1
make[1]: Leaving directory '/home/cona/algorithm_ws/build/CMakeFiles/CMakeTmp'
Makefile:126: recipe for target 'cmTC_8463f/fast' failed
make: *** [cmTC_8463f/fast] Error 2

File /home/cona/algorithm_ws/build/CMakeFiles/CMakeTmp/CheckSymbolExists.c:
/* */
#include <pthread.h>

int main(int argc, char** argv)
{
  (void)argv;
#ifndef pthread_create
  return ((int*)(&pthread_create))[argc];
#else
  (void)argc;
  return 0;
#endif
}

Determining if the function pthread_create exists in the pthreads failed with the following output:
Change Dir: /home/cona/algorithm_ws/build/CMakeFiles/CMakeTmp

Run Build Command:"/usr/bin/make" "cmTC_27e60/fast"
/usr/bin/make -f CMakeFiles/cmTC_27e60.dir/build.make CMakeFiles/cmTC_27e60.dir/build
make[1]: Entering directory '/home/cona/algorithm_ws/build/CMakeFiles/CMakeTmp'
Building C object CMakeFiles/cmTC_27e60.dir/CheckFunctionExists.c.o
/usr/bin/cc   -DCHECK_FUNCTION_EXISTS=pthread_create   -o CMakeFiles/cmTC_27e60.dir/CheckFunctionExists.c.o   -c /usr/share/cmake-3.10/Modules/CheckFunctionExists.c
Linking C executable cmTC_27e60
/usr/bin/cmake -E cmake_link_script CMakeFiles/cmTC_27e60.dir/link.txt --verbose=1
/usr/bin/cc  -DCHECK_FUNCTION_EXISTS=pthread_create    -rdynamic CMakeFiles/cmTC_27e60.dir/CheckFunctionExists.c.o  -o cmTC_27e60 -lpthreads 
/usr/bin/ld: cannot find -lpthreads
collect2: error: ld returned 1 exit status
CMakeFiles/cmTC_27e60.dir/build.make:97: recipe for target 'cmTC_27e60' failed
make[1]: *** [cmTC_27e60] Error 1
make[1]: Leaving directory '/home/cona/algorithm_ws/build/CMakeFiles/CMakeTmp'
Makefile:126: recipe for target 'cmTC_27e60/fast' failed
make: *** [cmTC_27e60/fast] Error 2


