-- The C compiler identification is GNU 11.4.0
-- The CXX compiler identification is GNU 11.4.0
-- Detecting C compiler ABI info
-- Detecting C compiler ABI info - done
-- Check for working C compiler: /usr/bin/cc - skipped
-- Detecting C compile features
-- Detecting C compile features - done
-- Detecting CXX compiler ABI info
-- Detecting CXX compiler ABI info - done
-- Check for working CXX compiler: /usr/bin/c++ - skipped
-- Detecting CXX compile features
-- Detecting CXX compile features - done
-- Found ament_cmake: 1.3.11 (/opt/ros/humble/share/ament_cmake/cmake)
-- Found Python3: /usr/bin/python3 (found version "3.10.12") found components: Interpreter 
-- Found rclcpp: 16.0.12 (/opt/ros/humble/share/rclcpp/cmake)
-- Found rosidl_generator_c: 3.1.6 (/opt/ros/humble/share/rosidl_generator_c/cmake)
-- Found rosidl_adapter: 3.1.6 (/opt/ros/humble/share/rosidl_adapter/cmake)
-- Found rosidl_generator_cpp: 3.1.6 (/opt/ros/humble/share/rosidl_generator_cpp/cmake)
-- Using all available rosidl_typesupport_c: rosidl_typesupport_fastrtps_c;rosidl_typesupport_introspection_c
-- Using all available rosidl_typesupport_cpp: rosidl_typesupport_fastrtps_cpp;rosidl_typesupport_introspection_cpp
-- Found rmw_implementation_cmake: 6.1.2 (/opt/ros/humble/share/rmw_implementation_cmake/cmake)
-- Found rmw_fastrtps_cpp: 6.2.7 (/opt/ros/humble/share/rmw_fastrtps_cpp/cmake)
-- Found OpenSSL: /usr/lib/x86_64-linux-gnu/libcrypto.so (found version "3.0.2")  
-- Found FastRTPS: /opt/ros/humble/include  
-- Using RMW implementation 'rmw_fastrtps_cpp' as default
-- Looking for pthread.h
-- Looking for pthread.h - found
-- Performing Test CMAKE_HAVE_LIBC_PTHREAD
-- Performing Test CMAKE_HAVE_LIBC_PTHREAD - Success
-- Found Threads: TRUE  
-- Configuring done
-- Generating done
-- Build files have been written to: /home/tm/experiement/algorithm_ws/ROS2_build/build/dummy_publisher_node
[ 50%] [32mBuilding CXX object CMakeFiles/dummy_publisher_node.dir/src/dummy_publisher_node.cpp.o[0m
[100%] [32m[1mLinking CXX executable dummy_publisher_node[0m
[100%] Built target dummy_publisher_node
-- Install configuration: ""
-- Installing: /home/tm/experiement/algorithm_ws/ROS2_build/install/dummy_publisher_node/lib/dummy_publisher_node/dummy_publisher_node
-- Set runtime path of "/home/tm/experiement/algorithm_ws/ROS2_build/install/dummy_publisher_node/lib/dummy_publisher_node/dummy_publisher_node" to ""
-- Installing: /home/tm/experiement/algorithm_ws/ROS2_build/install/dummy_publisher_node/share/ament_index/resource_index/package_run_dependencies/dummy_publisher_node
-- Installing: /home/tm/experiement/algorithm_ws/ROS2_build/install/dummy_publisher_node/share/ament_index/resource_index/parent_prefix_path/dummy_publisher_node
-- Installing: /home/tm/experiement/algorithm_ws/ROS2_build/install/dummy_publisher_node/share/dummy_publisher_node/environment/ament_prefix_path.sh
-- Installing: /home/tm/experiement/algorithm_ws/ROS2_build/install/dummy_publisher_node/share/dummy_publisher_node/environment/ament_prefix_path.dsv
-- Installing: /home/tm/experiement/algorithm_ws/ROS2_build/install/dummy_publisher_node/share/dummy_publisher_node/environment/path.sh
-- Installing: /home/tm/experiement/algorithm_ws/ROS2_build/install/dummy_publisher_node/share/dummy_publisher_node/environment/path.dsv
-- Installing: /home/tm/experiement/algorithm_ws/ROS2_build/install/dummy_publisher_node/share/dummy_publisher_node/local_setup.bash
-- Installing: /home/tm/experiement/algorithm_ws/ROS2_build/install/dummy_publisher_node/share/dummy_publisher_node/local_setup.sh
-- Installing: /home/tm/experiement/algorithm_ws/ROS2_build/install/dummy_publisher_node/share/dummy_publisher_node/local_setup.zsh
-- Installing: /home/tm/experiement/algorithm_ws/ROS2_build/install/dummy_publisher_node/share/dummy_publisher_node/local_setup.dsv
-- Installing: /home/tm/experiement/algorithm_ws/ROS2_build/install/dummy_publisher_node/share/dummy_publisher_node/package.dsv
-- Installing: /home/tm/experiement/algorithm_ws/ROS2_build/install/dummy_publisher_node/share/ament_index/resource_index/packages/dummy_publisher_node
-- Installing: /home/tm/experiement/algorithm_ws/ROS2_build/install/dummy_publisher_node/share/dummy_publisher_node/cmake/dummy_publisher_nodeConfig.cmake
-- Installing: /home/tm/experiement/algorithm_ws/ROS2_build/install/dummy_publisher_node/share/dummy_publisher_node/cmake/dummy_publisher_nodeConfig-version.cmake
-- Installing: /home/tm/experiement/algorithm_ws/ROS2_build/install/dummy_publisher_node/share/dummy_publisher_node/package.xml
