[0.031s] Invoking command in '/home/tm/experiement/algorithm_ws/ROS2_build/build/dummy_publisher_node': CMAKE_PREFIX_PATH=${CMAKE_PREFIX_PATH}:/opt/ros/humble /usr/bin/cmake /home/tm/experiement/algorithm_ws/ROS2_build/src/topic/dummy_publisher_node -DCMAKE_INSTALL_PREFIX=/home/tm/experiement/algorithm_ws/ROS2_build/install/dummy_publisher_node
[0.179s] -- The C compiler identification is GNU 11.4.0
[0.322s] -- The CXX compiler identification is GNU 11.4.0
[0.345s] -- Detecting C compiler ABI info
[0.545s] -- Detecting C compiler ABI info - done
[0.566s] -- Check for working C compiler: /usr/bin/cc - skipped
[0.567s] -- Detecting C compile features
[0.567s] -- Detecting C compile features - done
[0.576s] -- Detecting CXX compiler ABI info
[0.890s] -- Detecting CXX compiler ABI info - done
[0.909s] -- Check for working CXX compiler: /usr/bin/c++ - skipped
[0.909s] -- Detecting CXX compile features
[0.910s] -- Detecting CXX compile features - done
[0.913s] -- Found ament_cmake: 1.3.11 (/opt/ros/humble/share/ament_cmake/cmake)
[1.205s] -- Found Python3: /usr/bin/python3 (found version "3.10.12") found components: Interpreter 
[1.369s] -- Found rclcpp: 16.0.12 (/opt/ros/humble/share/rclcpp/cmake)
[1.426s] -- Found rosidl_generator_c: 3.1.6 (/opt/ros/humble/share/rosidl_generator_c/cmake)
[1.433s] -- Found rosidl_adapter: 3.1.6 (/opt/ros/humble/share/rosidl_adapter/cmake)
[1.446s] -- Found rosidl_generator_cpp: 3.1.6 (/opt/ros/humble/share/rosidl_generator_cpp/cmake)
[1.465s] -- Using all available rosidl_typesupport_c: rosidl_typesupport_fastrtps_c;rosidl_typesupport_introspection_c
[1.491s] -- Using all available rosidl_typesupport_cpp: rosidl_typesupport_fastrtps_cpp;rosidl_typesupport_introspection_cpp
[1.562s] -- Found rmw_implementation_cmake: 6.1.2 (/opt/ros/humble/share/rmw_implementation_cmake/cmake)
[1.565s] -- Found rmw_fastrtps_cpp: 6.2.7 (/opt/ros/humble/share/rmw_fastrtps_cpp/cmake)
[1.896s] -- Found OpenSSL: /usr/lib/x86_64-linux-gnu/libcrypto.so (found version "3.0.2")  
[1.959s] -- Found FastRTPS: /opt/ros/humble/include  
[2.050s] -- Using RMW implementation 'rmw_fastrtps_cpp' as default
[2.061s] -- Looking for pthread.h
[2.306s] -- Looking for pthread.h - found
[2.307s] -- Performing Test CMAKE_HAVE_LIBC_PTHREAD
[2.556s] -- Performing Test CMAKE_HAVE_LIBC_PTHREAD - Success
[2.557s] -- Found Threads: TRUE  
[2.792s] -- Configuring done
[2.817s] -- Generating done
[2.825s] -- Build files have been written to: /home/tm/experiement/algorithm_ws/ROS2_build/build/dummy_publisher_node
[2.842s] Invoked command in '/home/tm/experiement/algorithm_ws/ROS2_build/build/dummy_publisher_node' returned '0': CMAKE_PREFIX_PATH=${CMAKE_PREFIX_PATH}:/opt/ros/humble /usr/bin/cmake /home/tm/experiement/algorithm_ws/ROS2_build/src/topic/dummy_publisher_node -DCMAKE_INSTALL_PREFIX=/home/tm/experiement/algorithm_ws/ROS2_build/install/dummy_publisher_node
[2.843s] Invoking command in '/home/tm/experiement/algorithm_ws/ROS2_build/build/dummy_publisher_node': CMAKE_PREFIX_PATH=${CMAKE_PREFIX_PATH}:/opt/ros/humble /usr/bin/cmake --build /home/tm/experiement/algorithm_ws/ROS2_build/build/dummy_publisher_node -- -j4 -l4
[3.010s] [ 50%] [32mBuilding CXX object CMakeFiles/dummy_publisher_node.dir/src/dummy_publisher_node.cpp.o[0m
[10.900s] [100%] [32m[1mLinking CXX executable dummy_publisher_node[0m
[11.235s] [100%] Built target dummy_publisher_node
[11.269s] Invoked command in '/home/tm/experiement/algorithm_ws/ROS2_build/build/dummy_publisher_node' returned '0': CMAKE_PREFIX_PATH=${CMAKE_PREFIX_PATH}:/opt/ros/humble /usr/bin/cmake --build /home/tm/experiement/algorithm_ws/ROS2_build/build/dummy_publisher_node -- -j4 -l4
[11.269s] Invoking command in '/home/tm/experiement/algorithm_ws/ROS2_build/build/dummy_publisher_node': CMAKE_PREFIX_PATH=${CMAKE_PREFIX_PATH}:/opt/ros/humble /usr/bin/cmake --install /home/tm/experiement/algorithm_ws/ROS2_build/build/dummy_publisher_node
[11.296s] -- Install configuration: ""
[11.298s] -- Installing: /home/tm/experiement/algorithm_ws/ROS2_build/install/dummy_publisher_node/lib/dummy_publisher_node/dummy_publisher_node
[11.299s] -- Set runtime path of "/home/tm/experiement/algorithm_ws/ROS2_build/install/dummy_publisher_node/lib/dummy_publisher_node/dummy_publisher_node" to ""
[11.299s] -- Installing: /home/tm/experiement/algorithm_ws/ROS2_build/install/dummy_publisher_node/share/ament_index/resource_index/package_run_dependencies/dummy_publisher_node
[11.299s] -- Installing: /home/tm/experiement/algorithm_ws/ROS2_build/install/dummy_publisher_node/share/ament_index/resource_index/parent_prefix_path/dummy_publisher_node
[11.302s] -- Installing: /home/tm/experiement/algorithm_ws/ROS2_build/install/dummy_publisher_node/share/dummy_publisher_node/environment/ament_prefix_path.sh
[11.302s] -- Installing: /home/tm/experiement/algorithm_ws/ROS2_build/install/dummy_publisher_node/share/dummy_publisher_node/environment/ament_prefix_path.dsv
[11.305s] -- Installing: /home/tm/experiement/algorithm_ws/ROS2_build/install/dummy_publisher_node/share/dummy_publisher_node/environment/path.sh
[11.305s] -- Installing: /home/tm/experiement/algorithm_ws/ROS2_build/install/dummy_publisher_node/share/dummy_publisher_node/environment/path.dsv
[11.305s] -- Installing: /home/tm/experiement/algorithm_ws/ROS2_build/install/dummy_publisher_node/share/dummy_publisher_node/local_setup.bash
[11.305s] -- Installing: /home/tm/experiement/algorithm_ws/ROS2_build/install/dummy_publisher_node/share/dummy_publisher_node/local_setup.sh
[11.306s] -- Installing: /home/tm/experiement/algorithm_ws/ROS2_build/install/dummy_publisher_node/share/dummy_publisher_node/local_setup.zsh
[11.306s] -- Installing: /home/tm/experiement/algorithm_ws/ROS2_build/install/dummy_publisher_node/share/dummy_publisher_node/local_setup.dsv
[11.306s] -- Installing: /home/tm/experiement/algorithm_ws/ROS2_build/install/dummy_publisher_node/share/dummy_publisher_node/package.dsv
[11.307s] -- Installing: /home/tm/experiement/algorithm_ws/ROS2_build/install/dummy_publisher_node/share/ament_index/resource_index/packages/dummy_publisher_node
[11.307s] -- Installing: /home/tm/experiement/algorithm_ws/ROS2_build/install/dummy_publisher_node/share/dummy_publisher_node/cmake/dummy_publisher_nodeConfig.cmake
[11.308s] -- Installing: /home/tm/experiement/algorithm_ws/ROS2_build/install/dummy_publisher_node/share/dummy_publisher_node/cmake/dummy_publisher_nodeConfig-version.cmake
[11.309s] -- Installing: /home/tm/experiement/algorithm_ws/ROS2_build/install/dummy_publisher_node/share/dummy_publisher_node/package.xml
[11.312s] Invoked command in '/home/tm/experiement/algorithm_ws/ROS2_build/build/dummy_publisher_node' returned '0': CMAKE_PREFIX_PATH=${CMAKE_PREFIX_PATH}:/opt/ros/humble /usr/bin/cmake --install /home/tm/experiement/algorithm_ws/ROS2_build/build/dummy_publisher_node
