-- The C compiler identification is GNU 11.4.0
-- The CXX compiler identification is GNU 11.4.0
-- Detecting C compiler ABI info
-- Detecting C compiler ABI info - done
-- Check for working C compiler: /usr/bin/cc - skipped
-- Detecting C compile features
-- Detecting C compile features - done
-- Detecting CXX compiler ABI info
-- Detecting CXX compiler ABI info - done
-- Check for working CXX compiler: /usr/bin/c++ - skipped
-- Detecting CXX compile features
-- Detecting CXX compile features - done
-- Found ament_cmake: 1.3.11 (/opt/ros/humble/share/ament_cmake/cmake)
-- Found Python3: /usr/bin/python3 (found version "3.10.12") found components: Interpreter 
-- Found rclcpp: 16.0.12 (/opt/ros/humble/share/rclcpp/cmake)
-- Found rosidl_generator_c: 3.1.6 (/opt/ros/humble/share/rosidl_generator_c/cmake)
-- Found rosidl_adapter: 3.1.6 (/opt/ros/humble/share/rosidl_adapter/cmake)
-- Found rosidl_generator_cpp: 3.1.6 (/opt/ros/humble/share/rosidl_generator_cpp/cmake)
-- Using all available rosidl_typesupport_c: rosidl_typesupport_fastrtps_c;rosidl_typesupport_introspection_c
-- Using all available rosidl_typesupport_cpp: rosidl_typesupport_fastrtps_cpp;rosidl_typesupport_introspection_cpp
-- Found rmw_implementation_cmake: 6.1.2 (/opt/ros/humble/share/rmw_implementation_cmake/cmake)
-- Found rmw_fastrtps_cpp: 6.2.7 (/opt/ros/humble/share/rmw_fastrtps_cpp/cmake)
-- Found OpenSSL: /usr/lib/x86_64-linux-gnu/libcrypto.so (found version "3.0.2")  
-- Found FastRTPS: /opt/ros/humble/include  
-- Using RMW implementation 'rmw_fastrtps_cpp' as default
-- Looking for pthread.h
-- Looking for pthread.h - found
-- Performing Test CMAKE_HAVE_LIBC_PTHREAD
-- Performing Test CMAKE_HAVE_LIBC_PTHREAD - Success
-- Found Threads: TRUE  
-- Found CXSparse: /usr/include/suitesparse (found suitable version "3.2.0", minimum required is "3.2.0") 
-- Found AMD headers in: /usr/include/suitesparse
-- Found AMD library: /usr/lib/x86_64-linux-gnu/libamd.so
-- Found CAMD headers in: /usr/include/suitesparse
-- Found CAMD library: /usr/lib/x86_64-linux-gnu/libcamd.so
-- Found CCOLAMD headers in: /usr/include/suitesparse
-- Found CCOLAMD library: /usr/lib/x86_64-linux-gnu/libccolamd.so
-- Found CHOLMOD headers in: /usr/include/suitesparse
-- Found CHOLMOD library: /usr/lib/x86_64-linux-gnu/libcholmod.so
-- Found COLAMD headers in: /usr/include/suitesparse
-- Found COLAMD library: /usr/lib/x86_64-linux-gnu/libcolamd.so
-- Found SPQR headers in: /usr/include/suitesparse
-- Found SPQR library: /usr/lib/x86_64-linux-gnu/libspqr.so
-- Found Config headers in: /usr/include/suitesparse
-- Found Config library: /usr/lib/x86_64-linux-gnu/libsuitesparseconfig.so
-- Found Intel Thread Building Blocks (TBB) library (2021.5 / ) include location: . Assuming SuiteSparseQR was compiled with TBB.
-- Looking for shm_open in rt
-- Looking for shm_open in rt - found
-- Adding librt to SuiteSparse_config libraries (required on Linux & Unix [not OSX] if SuiteSparse is compiled with timing).
-- Could NOT find METIS (missing: METIS_INCLUDE_DIR METIS_LIBRARY) 
-- Found SuiteSparse: /usr/include/suitesparse (found suitable version "5.10.1", minimum required is "5.10.1") found components: AMD CAMD CCOLAMD CHOLMOD COLAMD SPQR Config 
-- Found required Ceres dependency: Eigen version 3.4.0 in /usr/share/eigen3/cmake
-- Found required Ceres dependency: glog
-- Found required Ceres dependency: gflags
-- Found Ceres version: 2.1.0 installed in: /usr/local with components: [EigenSparse, SparseLinearAlgebraLibrary, LAPACK, SuiteSparse, CXSparse, SchurSpecializations, Multithreading]
-- Configuring done
-- Generating done
-- Build files have been written to: /home/tm/experiement/algorithm_ws/ROS2_build/build/local_bundle_adjustment
[ 50%] [32mBuilding CXX object CMakeFiles/local_bundle_adjustment.dir/src/local_bundle_adjustment.cpp.o[0m
[100%] [32m[1mLinking CXX executable local_bundle_adjustment[0m
[100%] Built target local_bundle_adjustment
-- Install configuration: ""
-- Installing: /home/tm/experiement/algorithm_ws/ROS2_build/install/local_bundle_adjustment/lib/local_bundle_adjustment/local_bundle_adjustment
-- Set runtime path of "/home/tm/experiement/algorithm_ws/ROS2_build/install/local_bundle_adjustment/lib/local_bundle_adjustment/local_bundle_adjustment" to ""
-- Installing: /home/tm/experiement/algorithm_ws/ROS2_build/install/local_bundle_adjustment/share/ament_index/resource_index/package_run_dependencies/local_bundle_adjustment
-- Installing: /home/tm/experiement/algorithm_ws/ROS2_build/install/local_bundle_adjustment/share/ament_index/resource_index/parent_prefix_path/local_bundle_adjustment
-- Installing: /home/tm/experiement/algorithm_ws/ROS2_build/install/local_bundle_adjustment/share/local_bundle_adjustment/environment/ament_prefix_path.sh
-- Installing: /home/tm/experiement/algorithm_ws/ROS2_build/install/local_bundle_adjustment/share/local_bundle_adjustment/environment/ament_prefix_path.dsv
-- Installing: /home/tm/experiement/algorithm_ws/ROS2_build/install/local_bundle_adjustment/share/local_bundle_adjustment/environment/path.sh
-- Installing: /home/tm/experiement/algorithm_ws/ROS2_build/install/local_bundle_adjustment/share/local_bundle_adjustment/environment/path.dsv
-- Installing: /home/tm/experiement/algorithm_ws/ROS2_build/install/local_bundle_adjustment/share/local_bundle_adjustment/local_setup.bash
-- Installing: /home/tm/experiement/algorithm_ws/ROS2_build/install/local_bundle_adjustment/share/local_bundle_adjustment/local_setup.sh
-- Installing: /home/tm/experiement/algorithm_ws/ROS2_build/install/local_bundle_adjustment/share/local_bundle_adjustment/local_setup.zsh
-- Installing: /home/tm/experiement/algorithm_ws/ROS2_build/install/local_bundle_adjustment/share/local_bundle_adjustment/local_setup.dsv
-- Installing: /home/tm/experiement/algorithm_ws/ROS2_build/install/local_bundle_adjustment/share/local_bundle_adjustment/package.dsv
-- Installing: /home/tm/experiement/algorithm_ws/ROS2_build/install/local_bundle_adjustment/share/ament_index/resource_index/packages/local_bundle_adjustment
-- Installing: /home/tm/experiement/algorithm_ws/ROS2_build/install/local_bundle_adjustment/share/local_bundle_adjustment/cmake/local_bundle_adjustmentConfig.cmake
-- Installing: /home/tm/experiement/algorithm_ws/ROS2_build/install/local_bundle_adjustment/share/local_bundle_adjustment/cmake/local_bundle_adjustmentConfig-version.cmake
-- Installing: /home/tm/experiement/algorithm_ws/ROS2_build/install/local_bundle_adjustment/share/local_bundle_adjustment/package.xml
