[0.036s] Invoking command in '/root/experiments/algorithm_ws/ROS2_build/build/dummy_publisher_node': CMAKE_PREFIX_PATH=${CMAKE_PREFIX_PATH}:/opt/ros/humble /usr/bin/cmake /root/experiments/algorithm_ws/ROS2_build/src/topic/dummy_publisher_node -DAMENT_CMAKE_SYMLINK_INSTALL=1 -DCMAKE_INSTALL_PREFIX=/root/experiments/algorithm_ws/ROS2_build/install/dummy_publisher_node
[0.080s] -- The C compiler identification is GNU 11.4.0
[0.131s] -- The CXX compiler identification is GNU 11.4.0
[0.137s] -- Detecting C compiler ABI info
[0.192s] -- Detecting C compiler ABI info - done
[0.198s] -- Check for working C compiler: /usr/bin/cc - skipped
[0.198s] -- Detecting C compile features
[0.199s] -- Detecting C compile features - done
[0.201s] -- Detecting CXX compiler ABI info
[0.265s] -- Detecting CXX compiler ABI info - done
[0.271s] -- Check for working CXX compiler: /usr/bin/c++ - skipped
[0.271s] -- Detecting CXX compile features
[0.271s] -- Detecting CXX compile features - done
[0.275s] -- Found ament_cmake: 1.3.11 (/opt/ros/humble/share/ament_cmake/cmake)
[0.400s] -- Found Python3: /usr/bin/python3 (found version "3.10.12") found components: Interpreter 
[0.458s] -- Override CMake install command with custom implementation using symlinks instead of copying resources
[0.482s] -- Found rclcpp: 16.0.12 (/opt/ros/humble/share/rclcpp/cmake)
[0.520s] -- Found rosidl_generator_c: 3.1.6 (/opt/ros/humble/share/rosidl_generator_c/cmake)
[0.524s] -- Found rosidl_adapter: 3.1.6 (/opt/ros/humble/share/rosidl_adapter/cmake)
[0.531s] -- Found rosidl_generator_cpp: 3.1.6 (/opt/ros/humble/share/rosidl_generator_cpp/cmake)
[0.541s] -- Using all available rosidl_typesupport_c: rosidl_typesupport_fastrtps_c;rosidl_typesupport_introspection_c
[0.554s] -- Using all available rosidl_typesupport_cpp: rosidl_typesupport_fastrtps_cpp;rosidl_typesupport_introspection_cpp
[0.591s] -- Found rmw_implementation_cmake: 6.1.2 (/opt/ros/humble/share/rmw_implementation_cmake/cmake)
[0.593s] -- Found rmw_fastrtps_cpp: 6.2.7 (/opt/ros/humble/share/rmw_fastrtps_cpp/cmake)
[0.659s] -- Found OpenSSL: /usr/lib/x86_64-linux-gnu/libcrypto.so (found version "3.0.2")  
[0.681s] -- Found FastRTPS: /opt/ros/humble/include  
[0.719s] -- Using RMW implementation 'rmw_fastrtps_cpp' as default
[0.729s] -- Looking for pthread.h
[0.787s] -- Looking for pthread.h - found
[0.787s] -- Performing Test CMAKE_HAVE_LIBC_PTHREAD
[0.844s] -- Performing Test CMAKE_HAVE_LIBC_PTHREAD - Success
[0.845s] -- Found Threads: TRUE  
[0.958s] -- Configuring done
[0.971s] -- Generating done
[0.974s] -- Build files have been written to: /root/experiments/algorithm_ws/ROS2_build/build/dummy_publisher_node
[0.984s] Invoked command in '/root/experiments/algorithm_ws/ROS2_build/build/dummy_publisher_node' returned '0': CMAKE_PREFIX_PATH=${CMAKE_PREFIX_PATH}:/opt/ros/humble /usr/bin/cmake /root/experiments/algorithm_ws/ROS2_build/src/topic/dummy_publisher_node -DAMENT_CMAKE_SYMLINK_INSTALL=1 -DCMAKE_INSTALL_PREFIX=/root/experiments/algorithm_ws/ROS2_build/install/dummy_publisher_node
[0.986s] Invoking command in '/root/experiments/algorithm_ws/ROS2_build/build/dummy_publisher_node': CMAKE_PREFIX_PATH=${CMAKE_PREFIX_PATH}:/opt/ros/humble /usr/bin/cmake --build /root/experiments/algorithm_ws/ROS2_build/build/dummy_publisher_node -- -j12 -l12
[1.024s] [ 50%] [32mBuilding CXX object CMakeFiles/dummy_publisher_node.dir/src/dummy_publisher_node.cpp.o[0m
[5.442s] [100%] [32m[1mLinking CXX executable dummy_publisher_node[0m
[5.612s] [100%] Built target dummy_publisher_node
[5.624s] Invoked command in '/root/experiments/algorithm_ws/ROS2_build/build/dummy_publisher_node' returned '0': CMAKE_PREFIX_PATH=${CMAKE_PREFIX_PATH}:/opt/ros/humble /usr/bin/cmake --build /root/experiments/algorithm_ws/ROS2_build/build/dummy_publisher_node -- -j12 -l12
[5.635s] Invoking command in '/root/experiments/algorithm_ws/ROS2_build/build/dummy_publisher_node': CMAKE_PREFIX_PATH=${CMAKE_PREFIX_PATH}:/opt/ros/humble /usr/bin/cmake --install /root/experiments/algorithm_ws/ROS2_build/build/dummy_publisher_node
[5.640s] -- Install configuration: ""
[5.641s] -- Execute custom install script
[5.641s] -- Symlinking: /root/experiments/algorithm_ws/ROS2_build/install/dummy_publisher_node/lib/dummy_publisher_node/dummy_publisher_node
[5.651s] -- Symlinking: /root/experiments/algorithm_ws/ROS2_build/install/dummy_publisher_node/share/ament_index/resource_index/package_run_dependencies/dummy_publisher_node
[5.660s] -- Symlinking: /root/experiments/algorithm_ws/ROS2_build/install/dummy_publisher_node/share/ament_index/resource_index/parent_prefix_path/dummy_publisher_node
[5.669s] -- Symlinking: /root/experiments/algorithm_ws/ROS2_build/install/dummy_publisher_node/share/dummy_publisher_node/environment/ament_prefix_path.sh
[5.676s] -- Symlinking: /root/experiments/algorithm_ws/ROS2_build/install/dummy_publisher_node/share/dummy_publisher_node/environment/ament_prefix_path.dsv
[5.684s] -- Symlinking: /root/experiments/algorithm_ws/ROS2_build/install/dummy_publisher_node/share/dummy_publisher_node/environment/path.sh
[5.691s] -- Symlinking: /root/experiments/algorithm_ws/ROS2_build/install/dummy_publisher_node/share/dummy_publisher_node/environment/path.dsv
[5.699s] -- Symlinking: /root/experiments/algorithm_ws/ROS2_build/install/dummy_publisher_node/share/dummy_publisher_node/local_setup.bash
[5.706s] -- Symlinking: /root/experiments/algorithm_ws/ROS2_build/install/dummy_publisher_node/share/dummy_publisher_node/local_setup.sh
[5.713s] -- Symlinking: /root/experiments/algorithm_ws/ROS2_build/install/dummy_publisher_node/share/dummy_publisher_node/local_setup.zsh
[5.721s] -- Symlinking: /root/experiments/algorithm_ws/ROS2_build/install/dummy_publisher_node/share/dummy_publisher_node/local_setup.dsv
[5.730s] -- Symlinking: /root/experiments/algorithm_ws/ROS2_build/install/dummy_publisher_node/share/dummy_publisher_node/package.dsv
[5.743s] -- Symlinking: /root/experiments/algorithm_ws/ROS2_build/install/dummy_publisher_node/share/ament_index/resource_index/packages/dummy_publisher_node
[5.752s] -- Symlinking: /root/experiments/algorithm_ws/ROS2_build/install/dummy_publisher_node/share/dummy_publisher_node/cmake/dummy_publisher_nodeConfig.cmake
[5.761s] -- Symlinking: /root/experiments/algorithm_ws/ROS2_build/install/dummy_publisher_node/share/dummy_publisher_node/cmake/dummy_publisher_nodeConfig-version.cmake
[5.772s] -- Symlinking: /root/experiments/algorithm_ws/ROS2_build/install/dummy_publisher_node/share/dummy_publisher_node/package.xml
[5.784s] Invoked command in '/root/experiments/algorithm_ws/ROS2_build/build/dummy_publisher_node' returned '0': CMAKE_PREFIX_PATH=${CMAKE_PREFIX_PATH}:/opt/ros/humble /usr/bin/cmake --install /root/experiments/algorithm_ws/ROS2_build/build/dummy_publisher_node
